0 info it worked if it ends with ok
1 verbose cli [ '/Users/macrozone/.meteor/packages/meteor-tool/.1.4.1_1.1g544hg++os.osx.x86_64+web.browser+web.cordova/mt-os.osx.x86_64/dev_bundle/bin/node',
1 verbose cli   '/Users/macrozone/.meteor/packages/meteor-tool/.1.4.1_1.1g544hg++os.osx.x86_64+web.browser+web.cordova/mt-os.osx.x86_64/dev_bundle/bin/npm',
1 verbose cli   'install',
1 verbose cli   '--save',
1 verbose cli   'canvas' ]
2 info using npm@3.10.6
3 info using node@v4.5.0
4 silly loadCurrentTree Starting
5 silly install loadCurrentTree
6 silly install readLocalPackageData
7 silly fetchPackageMetaData canvas
8 silly fetchNamedPackageData canvas
9 silly mapToRegistry name canvas
10 silly mapToRegistry using default registry
11 silly mapToRegistry registry https://registry.npmjs.org/
12 silly mapToRegistry data Result {
12 silly mapToRegistry   raw: 'canvas',
12 silly mapToRegistry   scope: null,
12 silly mapToRegistry   escapedName: 'canvas',
12 silly mapToRegistry   name: 'canvas',
12 silly mapToRegistry   rawSpec: '',
12 silly mapToRegistry   spec: 'latest',
12 silly mapToRegistry   type: 'tag' }
13 silly mapToRegistry uri https://registry.npmjs.org/canvas
14 verbose request uri https://registry.npmjs.org/canvas
15 verbose request no auth needed
16 info attempt registry request try #1 at 12:46:05
17 verbose request using bearer token for auth
18 verbose request id 73af0df3cc31247a
19 verbose etag "AQXGR2GQE6D8Y76SRLVSK5FQU"
20 http request GET https://registry.npmjs.org/canvas
21 http 200 https://registry.npmjs.org/canvas
22 verbose headers { server: 'CouchDB/1.6.1 (Erlang OTP/R16B03)',
22 verbose headers   etag: '"4I2P0TKVC9SQJT1YY5MXH0Z5X"',
22 verbose headers   'content-type': 'application/json',
22 verbose headers   'content-encoding': 'gzip',
22 verbose headers   'cache-control': 'max-age=300',
22 verbose headers   'transfer-encoding': 'chunked',
22 verbose headers   'accept-ranges': 'bytes',
22 verbose headers   date: 'Sat, 24 Sep 2016 10:46:05 GMT',
22 verbose headers   via: '1.1 varnish',
22 verbose headers   connection: 'keep-alive',
22 verbose headers   'x-served-by': 'cache-fra1243-FRA',
22 verbose headers   'x-cache': 'MISS',
22 verbose headers   'x-cache-hits': '0',
22 verbose headers   'x-timer': 'S1474713965.359042,VS0,VE209',
22 verbose headers   vary: 'Accept-Encoding' }
23 silly get cb [ 200,
23 silly get   { server: 'CouchDB/1.6.1 (Erlang OTP/R16B03)',
23 silly get     etag: '"4I2P0TKVC9SQJT1YY5MXH0Z5X"',
23 silly get     'content-type': 'application/json',
23 silly get     'content-encoding': 'gzip',
23 silly get     'cache-control': 'max-age=300',
23 silly get     'transfer-encoding': 'chunked',
23 silly get     'accept-ranges': 'bytes',
23 silly get     date: 'Sat, 24 Sep 2016 10:46:05 GMT',
23 silly get     via: '1.1 varnish',
23 silly get     connection: 'keep-alive',
23 silly get     'x-served-by': 'cache-fra1243-FRA',
23 silly get     'x-cache': 'MISS',
23 silly get     'x-cache-hits': '0',
23 silly get     'x-timer': 'S1474713965.359042,VS0,VE209',
23 silly get     vary: 'Accept-Encoding' } ]
24 verbose get saving canvas to /Users/macrozone/.npm/registry.npmjs.org/canvas/.cache.json
25 verbose correctMkdir /Users/macrozone/.npm correctMkdir not in flight; initializing
26 silly install normalizeTree
27 silly loadCurrentTree Finishing
28 silly loadIdealTree Starting
29 silly install loadIdealTree
30 silly cloneCurrentTree Starting
31 silly install cloneCurrentTreeToIdealTree
32 silly cloneCurrentTree Finishing
33 silly loadShrinkwrap Starting
34 silly install loadShrinkwrap
35 silly loadShrinkwrap Finishing
36 silly loadAllDepsIntoIdealTree Starting
37 silly install loadAllDepsIntoIdealTree
38 silly resolveWithNewModule canvas@1.5.0 checking installable status
39 silly cache add args [ 'canvas', null ]
40 verbose cache add spec canvas
41 silly cache add parsed spec Result {
41 silly cache add   raw: 'canvas',
41 silly cache add   scope: null,
41 silly cache add   escapedName: 'canvas',
41 silly cache add   name: 'canvas',
41 silly cache add   rawSpec: '',
41 silly cache add   spec: 'latest',
41 silly cache add   type: 'tag' }
42 silly addNamed canvas@latest
43 verbose addNamed "latest" is being treated as a dist-tag for canvas
44 info addNameTag [ 'canvas', 'latest' ]
45 silly mapToRegistry name canvas
46 silly mapToRegistry using default registry
47 silly mapToRegistry registry https://registry.npmjs.org/
48 silly mapToRegistry data Result {
48 silly mapToRegistry   raw: 'canvas',
48 silly mapToRegistry   scope: null,
48 silly mapToRegistry   escapedName: 'canvas',
48 silly mapToRegistry   name: 'canvas',
48 silly mapToRegistry   rawSpec: '',
48 silly mapToRegistry   spec: 'latest',
48 silly mapToRegistry   type: 'tag' }
49 silly mapToRegistry uri https://registry.npmjs.org/canvas
50 verbose addNameTag registry:https://registry.npmjs.org/canvas not in flight; fetching
51 verbose get https://registry.npmjs.org/canvas not expired, no request
52 silly addNameTag next cb for canvas with tag latest
53 silly addNamed canvas@1.5.0
54 verbose addNamed "1.5.0" is a plain semver version for canvas
55 silly cache afterAdd canvas@1.5.0
56 verbose afterAdd /Users/macrozone/.npm/canvas/1.5.0/package/package.json not in flight; writing
57 verbose correctMkdir /Users/macrozone/.npm correctMkdir not in flight; initializing
58 verbose afterAdd /Users/macrozone/.npm/canvas/1.5.0/package/package.json written
59 silly loadAllDepsIntoIdealTree Finishing
60 silly loadIdealTree Finishing
61 silly currentTree kmeans@0.1.0
61 silly currentTree ├── @kadira/react-split-pane@1.4.7
61 silly currentTree ├── @kadira/storybook-ui@2.6.1
61 silly currentTree ├── @kadira/storybook@1.41.0
61 silly currentTree ├── abab@1.0.3
61 silly currentTree ├── accepts@1.3.3
61 silly currentTree ├─┬ acorn-globals@1.0.9
61 silly currentTree │ └── acorn@2.7.0
61 silly currentTree ├─┬ acorn-jsx@2.0.1
61 silly currentTree │ └── acorn@2.7.0
61 silly currentTree ├── acorn@3.3.0
61 silly currentTree ├── airbnb-js-shims@1.0.1
61 silly currentTree ├── ajv-keywords@1.0.0
61 silly currentTree ├── ajv@4.7.0
61 silly currentTree ├── align-text@0.1.4
61 silly currentTree ├── amdefine@1.0.0
61 silly currentTree ├── ansi-escapes@1.4.0
61 silly currentTree ├── ansi-html@0.0.5
61 silly currentTree ├── ansi-regex@2.0.0
61 silly currentTree ├── ansi-styles@2.2.1
61 silly currentTree ├── anymatch@1.3.0
61 silly currentTree ├── argparse@1.0.7
61 silly currentTree ├── arr-diff@2.0.0
61 silly currentTree ├── arr-flatten@1.0.1
61 silly currentTree ├── array-equal@1.0.0
61 silly currentTree ├── array-find@1.0.0
61 silly currentTree ├── array-flatten@1.1.1
61 silly currentTree ├── array-includes@3.0.2
61 silly currentTree ├── array-union@1.0.2
61 silly currentTree ├── array-uniq@1.0.3
61 silly currentTree ├── array-unique@0.2.1
61 silly currentTree ├── arrify@1.0.1
61 silly currentTree ├── asap@2.0.4
61 silly currentTree ├── asn1@0.2.3
61 silly currentTree ├── assert-plus@0.2.0
61 silly currentTree ├── assert@1.4.1
61 silly currentTree ├── assertion-error@1.0.2
61 silly currentTree ├── async-each@1.0.1
61 silly currentTree ├── async@1.5.2
61 silly currentTree ├── asynckit@0.4.0
61 silly currentTree ├── aws-sign2@0.6.0
61 silly currentTree ├── aws4@1.4.1
61 silly currentTree ├─┬ babel-code-frame@6.11.0
61 silly currentTree │ └── js-tokens@2.0.0
61 silly currentTree ├── babel-core@6.14.0
61 silly currentTree ├── babel-generator@6.14.0
61 silly currentTree ├── babel-helper-bindify-decorators@6.8.0
61 silly currentTree ├── babel-helper-builder-binary-assignment-operator-visitor@6.15.0
61 silly currentTree ├── babel-helper-builder-react-jsx@6.9.0
61 silly currentTree ├── babel-helper-call-delegate@6.8.0
61 silly currentTree ├── babel-helper-define-map@6.9.0
61 silly currentTree ├── babel-helper-explode-assignable-expression@6.8.0
61 silly currentTree ├── babel-helper-explode-class@6.8.0
61 silly currentTree ├── babel-helper-function-name@6.8.0
61 silly currentTree ├── babel-helper-get-function-arity@6.8.0
61 silly currentTree ├── babel-helper-hoist-variables@6.8.0
61 silly currentTree ├── babel-helper-optimise-call-expression@6.8.0
61 silly currentTree ├── babel-helper-regex@6.9.0
61 silly currentTree ├── babel-helper-remap-async-to-generator@6.11.2
61 silly currentTree ├── babel-helper-replace-supers@6.14.0
61 silly currentTree ├── babel-helpers@6.8.0
61 silly currentTree ├── babel-loader@6.2.5
61 silly currentTree ├── babel-messages@6.8.0
61 silly currentTree ├── babel-plugin-check-es2015-constants@6.8.0
61 silly currentTree ├── babel-plugin-react-require@2.1.0
61 silly currentTree ├── babel-plugin-syntax-async-functions@6.13.0
61 silly currentTree ├── babel-plugin-syntax-class-constructor-call@6.13.0
61 silly currentTree ├── babel-plugin-syntax-class-properties@6.13.0
61 silly currentTree ├── babel-plugin-syntax-decorators@6.13.0
61 silly currentTree ├── babel-plugin-syntax-do-expressions@6.13.0
61 silly currentTree ├── babel-plugin-syntax-exponentiation-operator@6.13.0
61 silly currentTree ├── babel-plugin-syntax-export-extensions@6.13.0
61 silly currentTree ├── babel-plugin-syntax-flow@6.13.0
61 silly currentTree ├── babel-plugin-syntax-function-bind@6.13.0
61 silly currentTree ├── babel-plugin-syntax-jsx@6.13.0
61 silly currentTree ├── babel-plugin-syntax-object-rest-spread@6.13.0
61 silly currentTree ├── babel-plugin-syntax-trailing-function-commas@6.13.0
61 silly currentTree ├── babel-plugin-transform-async-to-generator@6.8.0
61 silly currentTree ├── babel-plugin-transform-class-constructor-call@6.8.0
61 silly currentTree ├── babel-plugin-transform-class-properties@6.11.5
61 silly currentTree ├── babel-plugin-transform-decorators@6.13.0
61 silly currentTree ├── babel-plugin-transform-do-expressions@6.8.0
61 silly currentTree ├── babel-plugin-transform-es2015-arrow-functions@6.8.0
61 silly currentTree ├── babel-plugin-transform-es2015-block-scoped-functions@6.8.0
61 silly currentTree ├── babel-plugin-transform-es2015-block-scoping@6.15.0
61 silly currentTree ├── babel-plugin-transform-es2015-classes@6.14.0
61 silly currentTree ├── babel-plugin-transform-es2015-computed-properties@6.8.0
61 silly currentTree ├── babel-plugin-transform-es2015-destructuring@6.9.0
61 silly currentTree ├── babel-plugin-transform-es2015-duplicate-keys@6.8.0
61 silly currentTree ├── babel-plugin-transform-es2015-for-of@6.8.0
61 silly currentTree ├── babel-plugin-transform-es2015-function-name@6.9.0
61 silly currentTree ├── babel-plugin-transform-es2015-literals@6.8.0
61 silly currentTree ├── babel-plugin-transform-es2015-modules-amd@6.8.0
61 silly currentTree ├── babel-plugin-transform-es2015-modules-commonjs@6.14.0
61 silly currentTree ├── babel-plugin-transform-es2015-modules-systemjs@6.14.0
61 silly currentTree ├── babel-plugin-transform-es2015-modules-umd@6.12.0
61 silly currentTree ├── babel-plugin-transform-es2015-object-super@6.8.0
61 silly currentTree ├── babel-plugin-transform-es2015-parameters@6.11.4
61 silly currentTree ├── babel-plugin-transform-es2015-shorthand-properties@6.8.0
61 silly currentTree ├── babel-plugin-transform-es2015-spread@6.8.0
61 silly currentTree ├── babel-plugin-transform-es2015-sticky-regex@6.8.0
61 silly currentTree ├── babel-plugin-transform-es2015-template-literals@6.8.0
61 silly currentTree ├── babel-plugin-transform-es2015-typeof-symbol@6.8.0
61 silly currentTree ├── babel-plugin-transform-es2015-unicode-regex@6.11.0
61 silly currentTree ├── babel-plugin-transform-exponentiation-operator@6.8.0
61 silly currentTree ├── babel-plugin-transform-export-extensions@6.8.0
61 silly currentTree ├── babel-plugin-transform-flow-strip-types@6.14.0
61 silly currentTree ├── babel-plugin-transform-function-bind@6.8.0
61 silly currentTree ├── babel-plugin-transform-object-rest-spread@6.8.0
61 silly currentTree ├── babel-plugin-transform-react-display-name@6.8.0
61 silly currentTree ├── babel-plugin-transform-react-jsx-self@6.11.0
61 silly currentTree ├── babel-plugin-transform-react-jsx-source@6.9.0
61 silly currentTree ├── babel-plugin-transform-react-jsx@6.8.0
61 silly currentTree ├── babel-plugin-transform-regenerator@6.14.0
61 silly currentTree ├── babel-plugin-transform-strict-mode@6.11.3
61 silly currentTree ├── babel-polyfill@6.13.0
61 silly currentTree ├── babel-preset-es2015@6.14.0
61 silly currentTree ├── babel-preset-react@6.11.1
61 silly currentTree ├── babel-preset-stage-0@6.5.0
61 silly currentTree ├── babel-preset-stage-1@6.13.0
61 silly currentTree ├── babel-preset-stage-2@6.13.0
61 silly currentTree ├── babel-preset-stage-3@6.11.0
61 silly currentTree ├── babel-register@6.14.0
61 silly currentTree ├── babel-root-slash-import@1.1.0
61 silly currentTree ├── babel-runtime@6.11.6
61 silly currentTree ├── babel-template@6.15.0
61 silly currentTree ├── babel-traverse@6.15.0
61 silly currentTree ├── babel-types@6.15.0
61 silly currentTree ├── babel@6.5.2
61 silly currentTree ├── babylon@6.9.2
61 silly currentTree ├── balanced-match@0.4.2
61 silly currentTree ├── base64-js@1.1.2
61 silly currentTree ├── Base64@0.2.1
61 silly currentTree ├─┬ bcrypt-pbkdf@1.0.0
61 silly currentTree │ └── tweetnacl@0.14.3
61 silly currentTree ├── big.js@3.1.3
61 silly currentTree ├── binary-extensions@1.6.0
61 silly currentTree ├─┬ bl@1.1.2
61 silly currentTree │ └── readable-stream@2.0.6
61 silly currentTree ├── boolbase@1.0.0
61 silly currentTree ├── boom@2.10.1
61 silly currentTree ├── bootstrap-sass@3.3.7
61 silly currentTree ├── bowser@1.4.5
61 silly currentTree ├── brace-expansion@1.1.6
61 silly currentTree ├── braces@1.8.5
61 silly currentTree ├── browserify-zlib@0.1.4
61 silly currentTree ├── buffer-shims@1.0.0
61 silly currentTree ├── buffer@4.9.1
61 silly currentTree ├── caller-path@0.1.0
61 silly currentTree ├── callsites@0.2.0
61 silly currentTree ├── camelcase@1.2.1
61 silly currentTree ├── caseless@0.11.0
61 silly currentTree ├── center-align@0.1.3
61 silly currentTree ├── chai@3.5.0
61 silly currentTree ├── chalk@1.1.3
61 silly currentTree ├── change-emitter@0.1.2
61 silly currentTree ├─┬ cheerio@0.20.0
61 silly currentTree │ ├── acorn@2.7.0
61 silly currentTree │ └── jsdom@7.2.2
61 silly currentTree ├── chokidar@1.6.0
61 silly currentTree ├── circular-json@0.3.1
61 silly currentTree ├── cjson@0.4.0
61 silly currentTree ├── classnames@2.2.5
61 silly currentTree ├── cli-cursor@1.0.2
61 silly currentTree ├── cli-width@2.1.0
61 silly currentTree ├─┬ cliui@2.1.0
61 silly currentTree │ └── wordwrap@0.0.2
61 silly currentTree ├── clone@1.0.2
61 silly currentTree ├── co@4.6.0
61 silly currentTree ├── code-point-at@1.0.0
61 silly currentTree ├── color-convert@1.5.0
61 silly currentTree ├── color-name@1.1.1
61 silly currentTree ├── color-string@0.3.0
61 silly currentTree ├── color@0.11.3
61 silly currentTree ├── combined-stream@1.0.5
61 silly currentTree ├── commander@2.9.0
61 silly currentTree ├── concat-map@0.0.1
61 silly currentTree ├─┬ concat-stream@1.5.2
61 silly currentTree │ └── readable-stream@2.0.6
61 silly currentTree ├── console-browserify@1.1.0
61 silly currentTree ├── constants-browserify@0.0.1
61 silly currentTree ├── content-disposition@0.5.1
61 silly currentTree ├── content-type@1.0.2
61 silly currentTree ├── convert-source-map@1.3.0
61 silly currentTree ├── cookie-signature@1.0.6
61 silly currentTree ├── cookie@0.3.1
61 silly currentTree ├── core-js@2.4.1
61 silly currentTree ├── core-util-is@1.0.2
61 silly currentTree ├── cryptiles@2.0.5
61 silly currentTree ├── crypto-browserify@3.2.8
61 silly currentTree ├── css-select@1.2.0
61 silly currentTree ├── css-what@2.1.0
61 silly currentTree ├── cssom@0.3.1
61 silly currentTree ├── cssstyle@0.2.37
61 silly currentTree ├── d@0.1.1
61 silly currentTree ├─┬ dashdash@1.14.0
61 silly currentTree │ └── assert-plus@1.0.0
61 silly currentTree ├── date-now@0.1.4
61 silly currentTree ├── debug@2.2.0
61 silly currentTree ├── decamelize@1.2.0
61 silly currentTree ├─┬ deep-eql@0.1.3
61 silly currentTree │ └── type-detect@0.1.1
61 silly currentTree ├── deep-equal@1.0.1
61 silly currentTree ├── deep-is@0.1.3
61 silly currentTree ├── define-properties@1.1.2
61 silly currentTree ├── del@2.2.2
61 silly currentTree ├── delayed-stream@1.0.0
61 silly currentTree ├── depd@1.1.0
61 silly currentTree ├── destroy@1.0.4
61 silly currentTree ├── detect-indent@3.0.1
61 silly currentTree ├── diff@1.4.0
61 silly currentTree ├── doctrine@1.4.0
61 silly currentTree ├── dom-helpers@2.4.0
61 silly currentTree ├─┬ dom-serializer@0.1.0
61 silly currentTree │ └── domelementtype@1.1.3
61 silly currentTree ├── domain-browser@1.1.7
61 silly currentTree ├── domelementtype@1.3.0
61 silly currentTree ├── domhandler@2.3.0
61 silly currentTree ├── domready@1.0.8
61 silly currentTree ├── domutils@1.5.1
61 silly currentTree ├── ecc-jsbn@0.1.1
61 silly currentTree ├── ee-first@1.1.1
61 silly currentTree ├── element-class@0.2.2
61 silly currentTree ├── emojis-list@2.0.1
61 silly currentTree ├── encodeurl@1.0.1
61 silly currentTree ├── encoding@0.1.12
61 silly currentTree ├─┬ enhanced-resolve@0.9.1
61 silly currentTree │ └── memory-fs@0.2.0
61 silly currentTree ├── entities@1.1.1
61 silly currentTree ├── enzyme@2.4.1
61 silly currentTree ├── errno@0.1.4
61 silly currentTree ├── error-stack-parser@1.3.6
61 silly currentTree ├── es-abstract@1.6.1
61 silly currentTree ├── es-to-primitive@1.1.1
61 silly currentTree ├── es5-ext@0.10.12
61 silly currentTree ├── es5-shim@4.5.9
61 silly currentTree ├── es6-iterator@2.0.0
61 silly currentTree ├── es6-map@0.1.4
61 silly currentTree ├── es6-set@0.1.4
61 silly currentTree ├── es6-shim@0.35.1
61 silly currentTree ├── es6-symbol@3.1.0
61 silly currentTree ├── es6-weak-map@2.0.1
61 silly currentTree ├── escape-html@1.0.3
61 silly currentTree ├── escape-string-regexp@1.0.5
61 silly currentTree ├─┬ escodegen@1.8.1
61 silly currentTree │ └── source-map@0.2.0
61 silly currentTree ├─┬ escope@3.6.0
61 silly currentTree │ └── estraverse@4.2.0
61 silly currentTree ├── eslint-plugin-react@4.3.0
61 silly currentTree ├─┬ eslint@2.7.0
61 silly currentTree │ ├── estraverse@4.2.0
61 silly currentTree │ ├── globals@9.10.0
61 silly currentTree │ └── user-home@2.0.0
61 silly currentTree ├── espree@3.1.3
61 silly currentTree ├── esprima@2.7.3
61 silly currentTree ├─┬ esrecurse@4.1.0
61 silly currentTree │ └── estraverse@4.1.1
61 silly currentTree ├── estraverse@1.9.3
61 silly currentTree ├── esutils@2.0.2
61 silly currentTree ├── etag@1.7.0
61 silly currentTree ├── event-emitter@0.3.4
61 silly currentTree ├── events@1.1.1
61 silly currentTree ├── exenv@1.2.0
61 silly currentTree ├── exit-hook@1.1.1
61 silly currentTree ├── expand-brackets@0.1.5
61 silly currentTree ├── expand-range@1.8.2
61 silly currentTree ├─┬ express@4.14.0
61 silly currentTree │ └── qs@6.2.0
61 silly currentTree ├── extend@3.0.0
61 silly currentTree ├── extglob@0.3.2
61 silly currentTree ├── extsprintf@1.0.2
61 silly currentTree ├── faker@3.1.0
61 silly currentTree ├── fast-levenshtein@1.1.4
61 silly currentTree ├─┬ fbjs@0.8.4
61 silly currentTree │ └── core-js@1.2.7
61 silly currentTree ├── figures@1.7.0
61 silly currentTree ├── file-entry-cache@1.3.1
61 silly currentTree ├── filename-regex@2.0.0
61 silly currentTree ├── fill-range@2.2.3
61 silly currentTree ├── finalhandler@0.5.0
61 silly currentTree ├── flat-cache@1.2.1
61 silly currentTree ├── for-in@0.1.6
61 silly currentTree ├── for-own@0.1.4
61 silly currentTree ├── foreach@2.0.5
61 silly currentTree ├── forever-agent@0.6.1
61 silly currentTree ├── form-data@2.0.0
61 silly currentTree ├── formatio@1.1.1
61 silly currentTree ├── forwarded@0.1.0
61 silly currentTree ├── fresh@0.3.0
61 silly currentTree ├── fs.realpath@1.0.0
61 silly currentTree ├─┬ fsevents@1.0.14
61 silly currentTree │ ├── abbrev@1.0.9
61 silly currentTree │ ├── ansi-regex@2.0.0
61 silly currentTree │ ├── ansi-styles@2.2.1
61 silly currentTree │ ├── aproba@1.0.4
61 silly currentTree │ ├── are-we-there-yet@1.1.2
61 silly currentTree │ ├── asn1@0.2.3
61 silly currentTree │ ├── assert-plus@0.2.0
61 silly currentTree │ ├── async@1.5.2
61 silly currentTree │ ├── aws-sign2@0.6.0
61 silly currentTree │ ├── aws4@1.4.1
61 silly currentTree │ ├── balanced-match@0.4.2
61 silly currentTree │ ├─┬ bl@1.1.2
61 silly currentTree │ │ └── readable-stream@2.0.6
61 silly currentTree │ ├── block-stream@0.0.9
61 silly currentTree │ ├── boom@2.10.1
61 silly currentTree │ ├── brace-expansion@1.1.5
61 silly currentTree │ ├── buffer-shims@1.0.0
61 silly currentTree │ ├── caseless@0.11.0
61 silly currentTree │ ├── chalk@1.1.3
61 silly currentTree │ ├── code-point-at@1.0.0
61 silly currentTree │ ├── combined-stream@1.0.5
61 silly currentTree │ ├── commander@2.9.0
61 silly currentTree │ ├── concat-map@0.0.1
61 silly currentTree │ ├── console-control-strings@1.1.0
61 silly currentTree │ ├── core-util-is@1.0.2
61 silly currentTree │ ├── cryptiles@2.0.5
61 silly currentTree │ ├─┬ dashdash@1.14.0
61 silly currentTree │ │ └── assert-plus@1.0.0
61 silly currentTree │ ├── debug@2.2.0
61 silly currentTree │ ├── deep-extend@0.4.1
61 silly currentTree │ ├── delayed-stream@1.0.0
61 silly currentTree │ ├── delegates@1.0.0
61 silly currentTree │ ├── ecc-jsbn@0.1.1
61 silly currentTree │ ├── escape-string-regexp@1.0.5
61 silly currentTree │ ├── extend@3.0.0
61 silly currentTree │ ├── extsprintf@1.0.2
61 silly currentTree │ ├── forever-agent@0.6.1
61 silly currentTree │ ├── form-data@1.0.0-rc4
61 silly currentTree │ ├── fs.realpath@1.0.0
61 silly currentTree │ ├── fstream-ignore@1.0.5
61 silly currentTree │ ├── fstream@1.0.10
61 silly currentTree │ ├── gauge@2.6.0
61 silly currentTree │ ├── generate-function@2.0.0
61 silly currentTree │ ├── generate-object-property@1.2.0
61 silly currentTree │ ├─┬ getpass@0.1.6
61 silly currentTree │ │ └── assert-plus@1.0.0
61 silly currentTree │ ├── glob@7.0.5
61 silly currentTree │ ├── graceful-fs@4.1.4
61 silly currentTree │ ├── graceful-readlink@1.0.1
61 silly currentTree │ ├── har-validator@2.0.6
61 silly currentTree │ ├── has-ansi@2.0.0
61 silly currentTree │ ├── has-color@0.1.7
61 silly currentTree │ ├── has-unicode@2.0.1
61 silly currentTree │ ├── hawk@3.1.3
61 silly currentTree │ ├── hoek@2.16.3
61 silly currentTree │ ├── http-signature@1.1.1
61 silly currentTree │ ├── inflight@1.0.5
61 silly currentTree │ ├── inherits@2.0.1
61 silly currentTree │ ├── ini@1.3.4
61 silly currentTree │ ├── is-fullwidth-code-point@1.0.0
61 silly currentTree │ ├── is-my-json-valid@2.13.1
61 silly currentTree │ ├── is-property@1.0.2
61 silly currentTree │ ├── is-typedarray@1.0.0
61 silly currentTree │ ├── isarray@1.0.0
61 silly currentTree │ ├── isstream@0.1.2
61 silly currentTree │ ├── jodid25519@1.0.2
61 silly currentTree │ ├── jsbn@0.1.0
61 silly currentTree │ ├── json-schema@0.2.2
61 silly currentTree │ ├── json-stringify-safe@5.0.1
61 silly currentTree │ ├── jsonpointer@2.0.0
61 silly currentTree │ ├── jsprim@1.3.0
61 silly currentTree │ ├── mime-db@1.23.0
61 silly currentTree │ ├── mime-types@2.1.11
61 silly currentTree │ ├── minimatch@3.0.2
61 silly currentTree │ ├── minimist@0.0.8
61 silly currentTree │ ├── mkdirp@0.5.1
61 silly currentTree │ ├── ms@0.7.1
61 silly currentTree │ ├── node-pre-gyp@0.6.29
61 silly currentTree │ ├── node-uuid@1.4.7
61 silly currentTree │ ├── nopt@3.0.6
61 silly currentTree │ ├── npmlog@3.1.2
61 silly currentTree │ ├── number-is-nan@1.0.0
61 silly currentTree │ ├── oauth-sign@0.8.2
61 silly currentTree │ ├── object-assign@4.1.0
61 silly currentTree │ ├── once@1.3.3
61 silly currentTree │ ├── path-is-absolute@1.0.0
61 silly currentTree │ ├── pinkie-promise@2.0.1
61 silly currentTree │ ├── pinkie@2.0.4
61 silly currentTree │ ├── process-nextick-args@1.0.7
61 silly currentTree │ ├── qs@6.2.0
61 silly currentTree │ ├─┬ rc@1.1.6
61 silly currentTree │ │ └── minimist@1.2.0
61 silly currentTree │ ├── readable-stream@2.1.4
61 silly currentTree │ ├── request@2.73.0
61 silly currentTree │ ├── rimraf@2.5.3
61 silly currentTree │ ├── semver@5.2.0
61 silly currentTree │ ├── set-blocking@2.0.0
61 silly currentTree │ ├── signal-exit@3.0.0
61 silly currentTree │ ├── sntp@1.0.9
61 silly currentTree │ ├─┬ sshpk@1.8.3
61 silly currentTree │ │ └── assert-plus@1.0.0
61 silly currentTree │ ├── string_decoder@0.10.31
61 silly currentTree │ ├── string-width@1.0.1
61 silly currentTree │ ├── stringstream@0.0.5
61 silly currentTree │ ├── strip-ansi@3.0.1
61 silly currentTree │ ├── strip-json-comments@1.0.4
61 silly currentTree │ ├── supports-color@2.0.0
61 silly currentTree │ ├── tar-pack@3.1.4
61 silly currentTree │ ├── tar@2.2.1
61 silly currentTree │ ├── tough-cookie@2.2.2
61 silly currentTree │ ├── tunnel-agent@0.4.3
61 silly currentTree │ ├── tweetnacl@0.13.3
61 silly currentTree │ ├── uid-number@0.0.6
61 silly currentTree │ ├── util-deprecate@1.0.2
61 silly currentTree │ ├── verror@1.3.6
61 silly currentTree │ ├── wide-align@1.1.0
61 silly currentTree │ ├── wrappy@1.0.2
61 silly currentTree │ └── xtend@4.0.1
61 silly currentTree ├── function-bind@1.1.0
61 silly currentTree ├── fuse.js@2.5.0
61 silly currentTree ├── fuzzysearch@1.0.3
61 silly currentTree ├── generate-function@2.0.0
61 silly currentTree ├── generate-object-property@1.2.0
61 silly currentTree ├── get-stdin@4.0.1
61 silly currentTree ├─┬ getpass@0.1.6
61 silly currentTree │ └── assert-plus@1.0.0
61 silly currentTree ├── glob-base@0.3.0
61 silly currentTree ├── glob-parent@2.0.0
61 silly currentTree ├── glob@7.0.6
61 silly currentTree ├── globals@8.18.0
61 silly currentTree ├── globby@5.0.0
61 silly currentTree ├── graceful-fs@4.1.6
61 silly currentTree ├── graceful-readlink@1.0.1
61 silly currentTree ├── growl@1.9.2
61 silly currentTree ├── har-validator@2.0.6
61 silly currentTree ├── has-ansi@2.0.0
61 silly currentTree ├── has-flag@1.0.0
61 silly currentTree ├── has@1.0.1
61 silly currentTree ├── hawk@3.1.3
61 silly currentTree ├── hoek@2.16.3
61 silly currentTree ├── hoist-non-react-statics@1.2.0
61 silly currentTree ├── home-or-tmp@1.0.0
61 silly currentTree ├── html-entities@1.2.0
61 silly currentTree ├─┬ htmlparser2@3.8.3
61 silly currentTree │ ├── entities@1.0.0
61 silly currentTree │ ├── isarray@0.0.1
61 silly currentTree │ └── readable-stream@1.1.14
61 silly currentTree ├── http-browserify@1.7.0
61 silly currentTree ├── http-errors@1.5.0
61 silly currentTree ├── http-signature@1.1.1
61 silly currentTree ├── https-browserify@0.0.0
61 silly currentTree ├── iconv-lite@0.4.13
61 silly currentTree ├── ieee754@1.1.6
61 silly currentTree ├── ignore@3.1.5
61 silly currentTree ├── immutable@3.8.1
61 silly currentTree ├── imurmurhash@0.1.4
61 silly currentTree ├── indexof@0.0.1
61 silly currentTree ├── inflight@1.0.5
61 silly currentTree ├── inherits@2.0.1
61 silly currentTree ├── inline-style-prefix-all@2.0.2
61 silly currentTree ├── inline-style-prefixer@1.0.4
61 silly currentTree ├── inquirer@0.12.0
61 silly currentTree ├── interpret@0.6.6
61 silly currentTree ├── invariant@2.2.1
61 silly currentTree ├── ipaddr.js@1.1.1
61 silly currentTree ├── is-binary-path@1.0.1
61 silly currentTree ├── is-buffer@1.1.4
61 silly currentTree ├── is-callable@1.1.3
61 silly currentTree ├── is-date-object@1.0.1
61 silly currentTree ├── is-dom@1.0.5
61 silly currentTree ├── is-dotfile@1.0.2
61 silly currentTree ├── is-equal-shallow@0.1.3
61 silly currentTree ├── is-extendable@0.1.1
61 silly currentTree ├── is-extglob@1.0.0
61 silly currentTree ├── is-finite@1.0.1
61 silly currentTree ├── is-fullwidth-code-point@1.0.0
61 silly currentTree ├── is-glob@2.0.1
61 silly currentTree ├── is-my-json-valid@2.13.1
61 silly currentTree ├── is-number@2.1.0
61 silly currentTree ├── is-path-cwd@1.0.0
61 silly currentTree ├── is-path-in-cwd@1.0.0
61 silly currentTree ├── is-path-inside@1.0.0
61 silly currentTree ├── is-posix-bracket@0.1.1
61 silly currentTree ├── is-primitive@2.0.0
61 silly currentTree ├── is-property@1.0.2
61 silly currentTree ├── is-regex@1.0.3
61 silly currentTree ├── is-resolvable@1.0.0
61 silly currentTree ├── is-stream@1.1.0
61 silly currentTree ├── is-subset@0.1.1
61 silly currentTree ├── is-symbol@1.0.1
61 silly currentTree ├── is-typedarray@1.0.0
61 silly currentTree ├── isarray@1.0.0
61 silly currentTree ├── isobject@2.1.0
61 silly currentTree ├── isomorphic-fetch@2.2.1
61 silly currentTree ├── isstream@0.1.2
61 silly currentTree ├─┬ jade@0.26.3
61 silly currentTree │ ├── commander@0.6.1
61 silly currentTree │ └── mkdirp@0.3.0
61 silly currentTree ├── jju@1.3.0
61 silly currentTree ├── jodid25519@1.0.2
61 silly currentTree ├── js-tokens@1.0.3
61 silly currentTree ├── js-yaml@3.6.1
61 silly currentTree ├── jsbn@0.1.0
61 silly currentTree ├─┬ jsdom@8.5.0
61 silly currentTree │ ├── acorn@2.7.0
61 silly currentTree │ └── webidl-conversions@3.0.1
61 silly currentTree ├── jsesc@0.5.0
61 silly currentTree ├── json-parse-helpfulerror@1.0.3
61 silly currentTree ├── json-schema@0.2.3
61 silly currentTree ├── json-stable-stringify@1.0.1
61 silly currentTree ├── json-stringify-safe@5.0.1
61 silly currentTree ├── json5@0.4.0
61 silly currentTree ├── jsonify@0.0.0
61 silly currentTree ├── jsonpointer@2.0.0
61 silly currentTree ├── jsprim@1.3.1
61 silly currentTree ├── keycode@2.1.6
61 silly currentTree ├── kind-of@3.0.4
61 silly currentTree ├── konva@1.2.1
61 silly currentTree ├── lazy-cache@1.0.4
61 silly currentTree ├── levn@0.3.0
61 silly currentTree ├─┬ loader-utils@0.2.16
61 silly currentTree │ └── json5@0.5.0
61 silly currentTree ├── lodash-es@4.15.0
61 silly currentTree ├── lodash._baseassign@3.2.0
61 silly currentTree ├── lodash._basecopy@3.0.1
61 silly currentTree ├── lodash._bindcallback@3.0.1
61 silly currentTree ├── lodash._createassigner@3.1.1
61 silly currentTree ├── lodash._getnative@3.9.1
61 silly currentTree ├── lodash._isiterateecall@3.0.9
61 silly currentTree ├── lodash.assign@3.2.0
61 silly currentTree ├── lodash.isarguments@3.1.0
61 silly currentTree ├── lodash.isarray@3.0.4
61 silly currentTree ├── lodash.keys@3.1.2
61 silly currentTree ├── lodash.pick@4.4.0
61 silly currentTree ├── lodash.restparam@3.6.1
61 silly currentTree ├── lodash@4.15.0
61 silly currentTree ├── lolex@1.3.2
61 silly currentTree ├── longest@1.0.1
61 silly currentTree ├── loose-envify@1.2.0
61 silly currentTree ├── lru-cache@2.7.3
61 silly currentTree ├── mantra-core@1.7.0
61 silly currentTree ├── media-typer@0.3.0
61 silly currentTree ├── memory-fs@0.3.0
61 silly currentTree ├── merge-descriptors@1.0.1
61 silly currentTree ├── methods@1.1.2
61 silly currentTree ├── micromatch@2.3.11
61 silly currentTree ├── mime-db@1.23.0
61 silly currentTree ├── mime-types@2.1.11
61 silly currentTree ├── mime@1.3.4
61 silly currentTree ├── minimatch@3.0.3
61 silly currentTree ├── minimist@1.2.0
61 silly currentTree ├─┬ mkdirp@0.5.1
61 silly currentTree │ └── minimist@0.0.8
61 silly currentTree ├── mobx@2.5.1
61 silly currentTree ├─┬ mocha@2.5.3
61 silly currentTree │ ├── commander@2.3.0
61 silly currentTree │ ├── escape-string-regexp@1.0.2
61 silly currentTree │ ├── glob@3.2.11
61 silly currentTree │ ├── minimatch@0.3.0
61 silly currentTree │ └── supports-color@1.2.0
61 silly currentTree ├── ms@0.7.1
61 silly currentTree ├── mute-stream@0.0.5
61 silly currentTree ├── nan@2.4.0
61 silly currentTree ├── negotiator@0.6.1
61 silly currentTree ├── node-fetch@1.6.1
61 silly currentTree ├─┬ node-libs-browser@0.6.0
61 silly currentTree │ ├── isarray@0.0.1
61 silly currentTree │ └── readable-stream@1.1.14
61 silly currentTree ├── node-uuid@1.4.7
61 silly currentTree ├── normalize-path@2.0.1
61 silly currentTree ├── nth-check@1.0.1
61 silly currentTree ├── number-is-nan@1.0.0
61 silly currentTree ├── nwmatcher@1.3.8
61 silly currentTree ├── oauth-sign@0.8.2
61 silly currentTree ├── object-assign@4.1.0
61 silly currentTree ├── object-is@1.0.1
61 silly currentTree ├── object-keys@1.0.11
61 silly currentTree ├── object.assign@4.0.4
61 silly currentTree ├── object.entries@1.0.3
61 silly currentTree ├── object.getownpropertydescriptors@2.0.3
61 silly currentTree ├── object.omit@2.0.0
61 silly currentTree ├── object.values@1.0.3
61 silly currentTree ├── on-finished@2.3.0
61 silly currentTree ├── once@1.4.0
61 silly currentTree ├── onetime@1.1.0
61 silly currentTree ├─┬ optimist@0.6.1
61 silly currentTree │ └── minimist@0.0.10
61 silly currentTree ├─┬ optionator@0.8.1
61 silly currentTree │ └── wordwrap@1.0.0
61 silly currentTree ├── os-browserify@0.1.2
61 silly currentTree ├── os-homedir@1.0.1
61 silly currentTree ├── os-tmpdir@1.0.1
61 silly currentTree ├── page-bus@3.0.1
61 silly currentTree ├── pako@0.2.9
61 silly currentTree ├── parse-glob@3.0.4
61 silly currentTree ├── parse5@1.5.1
61 silly currentTree ├── parseurl@1.3.1
61 silly currentTree ├── path-browserify@0.0.0
61 silly currentTree ├── path-exists@1.0.0
61 silly currentTree ├── path-is-absolute@1.0.0
61 silly currentTree ├── path-is-inside@1.0.2
61 silly currentTree ├── path-to-regexp@0.1.7
61 silly currentTree ├── pbkdf2-compat@2.0.1
61 silly currentTree ├── pify@2.3.0
61 silly currentTree ├── pinkie-promise@2.0.1
61 silly currentTree ├── pinkie@2.0.4
61 silly currentTree ├── pluralize@1.2.1
61 silly currentTree ├── prelude-ls@1.1.2
61 silly currentTree ├── preserve@0.2.0
61 silly currentTree ├── private@0.1.6
61 silly currentTree ├── process-nextick-args@1.0.7
61 silly currentTree ├── process@0.11.9
61 silly currentTree ├── progress@1.1.8
61 silly currentTree ├── promise@7.1.1
61 silly currentTree ├── proxy-addr@1.1.2
61 silly currentTree ├── prr@0.0.0
61 silly currentTree ├── punycode@1.4.1
61 silly currentTree ├── qs@6.2.1
61 silly currentTree ├── querystring-es3@0.2.1
61 silly currentTree ├── querystring@0.2.0
61 silly currentTree ├── radium@0.18.1
61 silly currentTree ├── random-color@1.0.1
61 silly currentTree ├── randomatic@1.1.5
61 silly currentTree ├── range-parser@1.2.0
61 silly currentTree ├── react-addons-test-utils@15.3.1
61 silly currentTree ├── react-bootstrap@0.30.3
61 silly currentTree ├── react-dom@15.3.1
61 silly currentTree ├── react-fuzzy@0.2.3
61 silly currentTree ├── react-inspector@1.1.0
61 silly currentTree ├── react-komposer@1.13.1
61 silly currentTree ├── react-konva@1.0.5
61 silly currentTree ├── react-modal@1.4.0
61 silly currentTree ├── react-mounter@1.2.0
61 silly currentTree ├── react-overlays@0.6.6
61 silly currentTree ├── react-prop-types@0.4.0
61 silly currentTree ├── react-simple-di@1.2.0
61 silly currentTree ├── react@15.3.1
61 silly currentTree ├── readable-stream@2.1.5
61 silly currentTree ├── readdirp@2.1.0
61 silly currentTree ├── readline2@1.0.1
61 silly currentTree ├─┬ recompose@0.20.2
61 silly currentTree │ └── symbol-observable@0.2.4
61 silly currentTree ├── redbox-react@1.3.0
61 silly currentTree ├── redux@3.6.0
61 silly currentTree ├── regenerate@1.3.1
61 silly currentTree ├── regenerator-runtime@0.9.5
61 silly currentTree ├── regex-cache@0.4.3
61 silly currentTree ├── regexpu-core@2.0.0
61 silly currentTree ├── regjsgen@0.2.0
61 silly currentTree ├── regjsparser@0.1.5
61 silly currentTree ├── repeat-element@1.1.2
61 silly currentTree ├── repeat-string@1.5.4
61 silly currentTree ├── repeating@1.1.3
61 silly currentTree ├── request@2.75.0
61 silly currentTree ├── require-uncached@1.0.2
61 silly currentTree ├── resolve-from@1.0.1
61 silly currentTree ├── restore-cursor@1.0.1
61 silly currentTree ├── right-align@0.1.3
61 silly currentTree ├── rimraf@2.5.4
61 silly currentTree ├── ripemd160@0.2.0
61 silly currentTree ├── run-async@0.1.0
61 silly currentTree ├── rx-lite@3.1.2
61 silly currentTree ├── samsam@1.1.2
61 silly currentTree ├── sax@1.2.1
61 silly currentTree ├── seedrandom@2.4.2
61 silly currentTree ├── send@0.14.1
61 silly currentTree ├── serve-static@1.11.1
61 silly currentTree ├── set-immediate-shim@1.0.1
61 silly currentTree ├── setprototypeof@1.0.1
61 silly currentTree ├── sha.js@2.2.6
61 silly currentTree ├── shallowequal@0.2.2
61 silly currentTree ├── shebang-regex@1.0.0
61 silly currentTree ├── shelljs@0.6.1
61 silly currentTree ├── sigmund@1.0.1
61 silly currentTree ├── sinon@1.17.5
61 silly currentTree ├── slash@1.0.0
61 silly currentTree ├── slice-ansi@0.0.4
61 silly currentTree ├── sntp@1.0.9
61 silly currentTree ├── source-list-map@0.1.6
61 silly currentTree ├─┬ source-map-support@0.2.10
61 silly currentTree │ └── source-map@0.1.32
61 silly currentTree ├── source-map@0.5.6
61 silly currentTree ├── sprintf-js@1.0.3
61 silly currentTree ├─┬ sshpk@1.10.0
61 silly currentTree │ └── assert-plus@1.0.0
61 silly currentTree ├── stack-source-map@1.0.5
61 silly currentTree ├── stackframe@0.3.1
61 silly currentTree ├── statuses@1.3.0
61 silly currentTree ├─┬ stream-browserify@1.0.0
61 silly currentTree │ ├── isarray@0.0.1
61 silly currentTree │ └── readable-stream@1.1.14
61 silly currentTree ├── string_decoder@0.10.31
61 silly currentTree ├── string-width@1.0.2
61 silly currentTree ├── string.prototype.padend@3.0.0
61 silly currentTree ├── string.prototype.padstart@3.0.0
61 silly currentTree ├── stringstream@0.0.5
61 silly currentTree ├── strip-ansi@3.0.1
61 silly currentTree ├── strip-json-comments@1.0.4
61 silly currentTree ├── supports-color@2.0.0
61 silly currentTree ├── symbol-observable@1.0.2
61 silly currentTree ├── symbol-tree@3.1.4
61 silly currentTree ├── table@3.8.0
61 silly currentTree ├── tapable@0.1.10
61 silly currentTree ├── text-table@0.2.0
61 silly currentTree ├── through@2.3.8
61 silly currentTree ├── timers-browserify@1.4.2
61 silly currentTree ├── to-fast-properties@1.0.2
61 silly currentTree ├── to-iso-string@0.0.2
61 silly currentTree ├── tough-cookie@2.3.1
61 silly currentTree ├── tr46@0.0.3
61 silly currentTree ├── tryit@1.0.2
61 silly currentTree ├── tty-browserify@0.0.0
61 silly currentTree ├── tunnel-agent@0.4.3
61 silly currentTree ├── tweetnacl@0.13.3
61 silly currentTree ├── type-check@0.3.2
61 silly currentTree ├── type-detect@1.0.0
61 silly currentTree ├── type-is@1.6.13
61 silly currentTree ├── typedarray@0.0.6
61 silly currentTree ├── ua-parser-js@0.7.10
61 silly currentTree ├─┬ uglify-js@2.6.4
61 silly currentTree │ └── async@0.2.10
61 silly currentTree ├── uglify-to-browserify@1.0.2
61 silly currentTree ├── uncontrollable@4.0.3
61 silly currentTree ├── unpipe@1.0.0
61 silly currentTree ├─┬ url@0.10.3
61 silly currentTree │ └── punycode@1.3.2
61 silly currentTree ├── user-home@1.1.1
61 silly currentTree ├── util-deprecate@1.0.2
61 silly currentTree ├── util@0.10.3
61 silly currentTree ├── utils-merge@1.0.0
61 silly currentTree ├── uuid@2.0.2
61 silly currentTree ├── vary@1.1.0
61 silly currentTree ├── verror@1.3.6
61 silly currentTree ├── vm-browserify@0.0.4
61 silly currentTree ├── warning@3.0.0
61 silly currentTree ├─┬ watchpack@0.2.9
61 silly currentTree │ └── async@0.9.2
61 silly currentTree ├── webidl-conversions@2.0.1
61 silly currentTree ├─┬ webpack-core@0.6.8
61 silly currentTree │ └── source-map@0.4.4
61 silly currentTree ├── webpack-dev-middleware@1.8.1
61 silly currentTree ├── webpack-hot-middleware@2.12.2
61 silly currentTree ├─┬ webpack@1.13.2
61 silly currentTree │ └── supports-color@3.1.2
61 silly currentTree ├── whatwg-fetch@1.0.0
61 silly currentTree ├── whatwg-url-compat@0.6.5
61 silly currentTree ├─┬ whatwg-url@2.0.1
61 silly currentTree │ └── webidl-conversions@3.0.1
61 silly currentTree ├── window-size@0.1.0
61 silly currentTree ├── wordwrap@0.0.3
61 silly currentTree ├── wrappy@1.0.2
61 silly currentTree ├── write@0.2.1
61 silly currentTree ├── xml-name-validator@2.0.1
61 silly currentTree ├── xtend@4.0.1
61 silly currentTree └── yargs@3.10.0
62 silly idealTree kmeans@0.1.0
62 silly idealTree ├── @kadira/react-split-pane@1.4.7
62 silly idealTree ├── @kadira/storybook-ui@2.6.1
62 silly idealTree ├── @kadira/storybook@1.41.0
62 silly idealTree ├── abab@1.0.3
62 silly idealTree ├── accepts@1.3.3
62 silly idealTree ├─┬ acorn-globals@1.0.9
62 silly idealTree │ └── acorn@2.7.0
62 silly idealTree ├─┬ acorn-jsx@2.0.1
62 silly idealTree │ └── acorn@2.7.0
62 silly idealTree ├── acorn@3.3.0
62 silly idealTree ├── airbnb-js-shims@1.0.1
62 silly idealTree ├── ajv-keywords@1.0.0
62 silly idealTree ├── ajv@4.7.0
62 silly idealTree ├── align-text@0.1.4
62 silly idealTree ├── amdefine@1.0.0
62 silly idealTree ├── ansi-escapes@1.4.0
62 silly idealTree ├── ansi-html@0.0.5
62 silly idealTree ├── ansi-regex@2.0.0
62 silly idealTree ├── ansi-styles@2.2.1
62 silly idealTree ├── anymatch@1.3.0
62 silly idealTree ├── argparse@1.0.7
62 silly idealTree ├── arr-diff@2.0.0
62 silly idealTree ├── arr-flatten@1.0.1
62 silly idealTree ├── array-equal@1.0.0
62 silly idealTree ├── array-find@1.0.0
62 silly idealTree ├── array-flatten@1.1.1
62 silly idealTree ├── array-includes@3.0.2
62 silly idealTree ├── array-union@1.0.2
62 silly idealTree ├── array-uniq@1.0.3
62 silly idealTree ├── array-unique@0.2.1
62 silly idealTree ├── arrify@1.0.1
62 silly idealTree ├── asap@2.0.4
62 silly idealTree ├── asn1@0.2.3
62 silly idealTree ├── assert-plus@0.2.0
62 silly idealTree ├── assert@1.4.1
62 silly idealTree ├── assertion-error@1.0.2
62 silly idealTree ├── async-each@1.0.1
62 silly idealTree ├── async@1.5.2
62 silly idealTree ├── asynckit@0.4.0
62 silly idealTree ├── aws-sign2@0.6.0
62 silly idealTree ├── aws4@1.4.1
62 silly idealTree ├─┬ babel-code-frame@6.11.0
62 silly idealTree │ └── js-tokens@2.0.0
62 silly idealTree ├── babel-core@6.14.0
62 silly idealTree ├── babel-generator@6.14.0
62 silly idealTree ├── babel-helper-bindify-decorators@6.8.0
62 silly idealTree ├── babel-helper-builder-binary-assignment-operator-visitor@6.15.0
62 silly idealTree ├── babel-helper-builder-react-jsx@6.9.0
62 silly idealTree ├── babel-helper-call-delegate@6.8.0
62 silly idealTree ├── babel-helper-define-map@6.9.0
62 silly idealTree ├── babel-helper-explode-assignable-expression@6.8.0
62 silly idealTree ├── babel-helper-explode-class@6.8.0
62 silly idealTree ├── babel-helper-function-name@6.8.0
62 silly idealTree ├── babel-helper-get-function-arity@6.8.0
62 silly idealTree ├── babel-helper-hoist-variables@6.8.0
62 silly idealTree ├── babel-helper-optimise-call-expression@6.8.0
62 silly idealTree ├── babel-helper-regex@6.9.0
62 silly idealTree ├── babel-helper-remap-async-to-generator@6.11.2
62 silly idealTree ├── babel-helper-replace-supers@6.14.0
62 silly idealTree ├── babel-helpers@6.8.0
62 silly idealTree ├── babel-loader@6.2.5
62 silly idealTree ├── babel-messages@6.8.0
62 silly idealTree ├── babel-plugin-check-es2015-constants@6.8.0
62 silly idealTree ├── babel-plugin-react-require@2.1.0
62 silly idealTree ├── babel-plugin-syntax-async-functions@6.13.0
62 silly idealTree ├── babel-plugin-syntax-class-constructor-call@6.13.0
62 silly idealTree ├── babel-plugin-syntax-class-properties@6.13.0
62 silly idealTree ├── babel-plugin-syntax-decorators@6.13.0
62 silly idealTree ├── babel-plugin-syntax-do-expressions@6.13.0
62 silly idealTree ├── babel-plugin-syntax-exponentiation-operator@6.13.0
62 silly idealTree ├── babel-plugin-syntax-export-extensions@6.13.0
62 silly idealTree ├── babel-plugin-syntax-flow@6.13.0
62 silly idealTree ├── babel-plugin-syntax-function-bind@6.13.0
62 silly idealTree ├── babel-plugin-syntax-jsx@6.13.0
62 silly idealTree ├── babel-plugin-syntax-object-rest-spread@6.13.0
62 silly idealTree ├── babel-plugin-syntax-trailing-function-commas@6.13.0
62 silly idealTree ├── babel-plugin-transform-async-to-generator@6.8.0
62 silly idealTree ├── babel-plugin-transform-class-constructor-call@6.8.0
62 silly idealTree ├── babel-plugin-transform-class-properties@6.11.5
62 silly idealTree ├── babel-plugin-transform-decorators@6.13.0
62 silly idealTree ├── babel-plugin-transform-do-expressions@6.8.0
62 silly idealTree ├── babel-plugin-transform-es2015-arrow-functions@6.8.0
62 silly idealTree ├── babel-plugin-transform-es2015-block-scoped-functions@6.8.0
62 silly idealTree ├── babel-plugin-transform-es2015-block-scoping@6.15.0
62 silly idealTree ├── babel-plugin-transform-es2015-classes@6.14.0
62 silly idealTree ├── babel-plugin-transform-es2015-computed-properties@6.8.0
62 silly idealTree ├── babel-plugin-transform-es2015-destructuring@6.9.0
62 silly idealTree ├── babel-plugin-transform-es2015-duplicate-keys@6.8.0
62 silly idealTree ├── babel-plugin-transform-es2015-for-of@6.8.0
62 silly idealTree ├── babel-plugin-transform-es2015-function-name@6.9.0
62 silly idealTree ├── babel-plugin-transform-es2015-literals@6.8.0
62 silly idealTree ├── babel-plugin-transform-es2015-modules-amd@6.8.0
62 silly idealTree ├── babel-plugin-transform-es2015-modules-commonjs@6.14.0
62 silly idealTree ├── babel-plugin-transform-es2015-modules-systemjs@6.14.0
62 silly idealTree ├── babel-plugin-transform-es2015-modules-umd@6.12.0
62 silly idealTree ├── babel-plugin-transform-es2015-object-super@6.8.0
62 silly idealTree ├── babel-plugin-transform-es2015-parameters@6.11.4
62 silly idealTree ├── babel-plugin-transform-es2015-shorthand-properties@6.8.0
62 silly idealTree ├── babel-plugin-transform-es2015-spread@6.8.0
62 silly idealTree ├── babel-plugin-transform-es2015-sticky-regex@6.8.0
62 silly idealTree ├── babel-plugin-transform-es2015-template-literals@6.8.0
62 silly idealTree ├── babel-plugin-transform-es2015-typeof-symbol@6.8.0
62 silly idealTree ├── babel-plugin-transform-es2015-unicode-regex@6.11.0
62 silly idealTree ├── babel-plugin-transform-exponentiation-operator@6.8.0
62 silly idealTree ├── babel-plugin-transform-export-extensions@6.8.0
62 silly idealTree ├── babel-plugin-transform-flow-strip-types@6.14.0
62 silly idealTree ├── babel-plugin-transform-function-bind@6.8.0
62 silly idealTree ├── babel-plugin-transform-object-rest-spread@6.8.0
62 silly idealTree ├── babel-plugin-transform-react-display-name@6.8.0
62 silly idealTree ├── babel-plugin-transform-react-jsx-self@6.11.0
62 silly idealTree ├── babel-plugin-transform-react-jsx-source@6.9.0
62 silly idealTree ├── babel-plugin-transform-react-jsx@6.8.0
62 silly idealTree ├── babel-plugin-transform-regenerator@6.14.0
62 silly idealTree ├── babel-plugin-transform-strict-mode@6.11.3
62 silly idealTree ├── babel-polyfill@6.13.0
62 silly idealTree ├── babel-preset-es2015@6.14.0
62 silly idealTree ├── babel-preset-react@6.11.1
62 silly idealTree ├── babel-preset-stage-0@6.5.0
62 silly idealTree ├── babel-preset-stage-1@6.13.0
62 silly idealTree ├── babel-preset-stage-2@6.13.0
62 silly idealTree ├── babel-preset-stage-3@6.11.0
62 silly idealTree ├── babel-register@6.14.0
62 silly idealTree ├── babel-root-slash-import@1.1.0
62 silly idealTree ├── babel-runtime@6.11.6
62 silly idealTree ├── babel-template@6.15.0
62 silly idealTree ├── babel-traverse@6.15.0
62 silly idealTree ├── babel-types@6.15.0
62 silly idealTree ├── babel@6.5.2
62 silly idealTree ├── babylon@6.9.2
62 silly idealTree ├── balanced-match@0.4.2
62 silly idealTree ├── base64-js@1.1.2
62 silly idealTree ├── Base64@0.2.1
62 silly idealTree ├─┬ bcrypt-pbkdf@1.0.0
62 silly idealTree │ └── tweetnacl@0.14.3
62 silly idealTree ├── big.js@3.1.3
62 silly idealTree ├── binary-extensions@1.6.0
62 silly idealTree ├─┬ bl@1.1.2
62 silly idealTree │ └── readable-stream@2.0.6
62 silly idealTree ├── boolbase@1.0.0
62 silly idealTree ├── boom@2.10.1
62 silly idealTree ├── bootstrap-sass@3.3.7
62 silly idealTree ├── bowser@1.4.5
62 silly idealTree ├── brace-expansion@1.1.6
62 silly idealTree ├── braces@1.8.5
62 silly idealTree ├── browserify-zlib@0.1.4
62 silly idealTree ├── buffer-shims@1.0.0
62 silly idealTree ├── buffer@4.9.1
62 silly idealTree ├── caller-path@0.1.0
62 silly idealTree ├── callsites@0.2.0
62 silly idealTree ├── camelcase@1.2.1
62 silly idealTree ├── canvas@1.5.0
62 silly idealTree ├── caseless@0.11.0
62 silly idealTree ├── center-align@0.1.3
62 silly idealTree ├── chai@3.5.0
62 silly idealTree ├── chalk@1.1.3
62 silly idealTree ├── change-emitter@0.1.2
62 silly idealTree ├─┬ cheerio@0.20.0
62 silly idealTree │ ├── acorn@2.7.0
62 silly idealTree │ └── jsdom@7.2.2
62 silly idealTree ├── chokidar@1.6.0
62 silly idealTree ├── circular-json@0.3.1
62 silly idealTree ├── cjson@0.4.0
62 silly idealTree ├── classnames@2.2.5
62 silly idealTree ├── cli-cursor@1.0.2
62 silly idealTree ├── cli-width@2.1.0
62 silly idealTree ├─┬ cliui@2.1.0
62 silly idealTree │ └── wordwrap@0.0.2
62 silly idealTree ├── clone@1.0.2
62 silly idealTree ├── co@4.6.0
62 silly idealTree ├── code-point-at@1.0.0
62 silly idealTree ├── color-convert@1.5.0
62 silly idealTree ├── color-name@1.1.1
62 silly idealTree ├── color-string@0.3.0
62 silly idealTree ├── color@0.11.3
62 silly idealTree ├── combined-stream@1.0.5
62 silly idealTree ├── commander@2.9.0
62 silly idealTree ├── concat-map@0.0.1
62 silly idealTree ├─┬ concat-stream@1.5.2
62 silly idealTree │ └── readable-stream@2.0.6
62 silly idealTree ├── console-browserify@1.1.0
62 silly idealTree ├── constants-browserify@0.0.1
62 silly idealTree ├── content-disposition@0.5.1
62 silly idealTree ├── content-type@1.0.2
62 silly idealTree ├── convert-source-map@1.3.0
62 silly idealTree ├── cookie-signature@1.0.6
62 silly idealTree ├── cookie@0.3.1
62 silly idealTree ├── core-js@2.4.1
62 silly idealTree ├── core-util-is@1.0.2
62 silly idealTree ├── cryptiles@2.0.5
62 silly idealTree ├── crypto-browserify@3.2.8
62 silly idealTree ├── css-select@1.2.0
62 silly idealTree ├── css-what@2.1.0
62 silly idealTree ├── cssom@0.3.1
62 silly idealTree ├── cssstyle@0.2.37
62 silly idealTree ├── d@0.1.1
62 silly idealTree ├─┬ dashdash@1.14.0
62 silly idealTree │ └── assert-plus@1.0.0
62 silly idealTree ├── date-now@0.1.4
62 silly idealTree ├── debug@2.2.0
62 silly idealTree ├── decamelize@1.2.0
62 silly idealTree ├─┬ deep-eql@0.1.3
62 silly idealTree │ └── type-detect@0.1.1
62 silly idealTree ├── deep-equal@1.0.1
62 silly idealTree ├── deep-is@0.1.3
62 silly idealTree ├── define-properties@1.1.2
62 silly idealTree ├── del@2.2.2
62 silly idealTree ├── delayed-stream@1.0.0
62 silly idealTree ├── depd@1.1.0
62 silly idealTree ├── destroy@1.0.4
62 silly idealTree ├── detect-indent@3.0.1
62 silly idealTree ├── diff@1.4.0
62 silly idealTree ├── doctrine@1.4.0
62 silly idealTree ├── dom-helpers@2.4.0
62 silly idealTree ├─┬ dom-serializer@0.1.0
62 silly idealTree │ └── domelementtype@1.1.3
62 silly idealTree ├── domain-browser@1.1.7
62 silly idealTree ├── domelementtype@1.3.0
62 silly idealTree ├── domhandler@2.3.0
62 silly idealTree ├── domready@1.0.8
62 silly idealTree ├── domutils@1.5.1
62 silly idealTree ├── ecc-jsbn@0.1.1
62 silly idealTree ├── ee-first@1.1.1
62 silly idealTree ├── element-class@0.2.2
62 silly idealTree ├── emojis-list@2.0.1
62 silly idealTree ├── encodeurl@1.0.1
62 silly idealTree ├── encoding@0.1.12
62 silly idealTree ├─┬ enhanced-resolve@0.9.1
62 silly idealTree │ └── memory-fs@0.2.0
62 silly idealTree ├── entities@1.1.1
62 silly idealTree ├── enzyme@2.4.1
62 silly idealTree ├── errno@0.1.4
62 silly idealTree ├── error-stack-parser@1.3.6
62 silly idealTree ├── es-abstract@1.6.1
62 silly idealTree ├── es-to-primitive@1.1.1
62 silly idealTree ├── es5-ext@0.10.12
62 silly idealTree ├── es5-shim@4.5.9
62 silly idealTree ├── es6-iterator@2.0.0
62 silly idealTree ├── es6-map@0.1.4
62 silly idealTree ├── es6-set@0.1.4
62 silly idealTree ├── es6-shim@0.35.1
62 silly idealTree ├── es6-symbol@3.1.0
62 silly idealTree ├── es6-weak-map@2.0.1
62 silly idealTree ├── escape-html@1.0.3
62 silly idealTree ├── escape-string-regexp@1.0.5
62 silly idealTree ├─┬ escodegen@1.8.1
62 silly idealTree │ └── source-map@0.2.0
62 silly idealTree ├─┬ escope@3.6.0
62 silly idealTree │ └── estraverse@4.2.0
62 silly idealTree ├── eslint-plugin-react@4.3.0
62 silly idealTree ├─┬ eslint@2.7.0
62 silly idealTree │ ├── estraverse@4.2.0
62 silly idealTree │ ├── globals@9.10.0
62 silly idealTree │ └── user-home@2.0.0
62 silly idealTree ├── espree@3.1.3
62 silly idealTree ├── esprima@2.7.3
62 silly idealTree ├─┬ esrecurse@4.1.0
62 silly idealTree │ └── estraverse@4.1.1
62 silly idealTree ├── estraverse@1.9.3
62 silly idealTree ├── esutils@2.0.2
62 silly idealTree ├── etag@1.7.0
62 silly idealTree ├── event-emitter@0.3.4
62 silly idealTree ├── events@1.1.1
62 silly idealTree ├── exenv@1.2.0
62 silly idealTree ├── exit-hook@1.1.1
62 silly idealTree ├── expand-brackets@0.1.5
62 silly idealTree ├── expand-range@1.8.2
62 silly idealTree ├─┬ express@4.14.0
62 silly idealTree │ └── qs@6.2.0
62 silly idealTree ├── extend@3.0.0
62 silly idealTree ├── extglob@0.3.2
62 silly idealTree ├── extsprintf@1.0.2
62 silly idealTree ├── faker@3.1.0
62 silly idealTree ├── fast-levenshtein@1.1.4
62 silly idealTree ├─┬ fbjs@0.8.4
62 silly idealTree │ └── core-js@1.2.7
62 silly idealTree ├── figures@1.7.0
62 silly idealTree ├── file-entry-cache@1.3.1
62 silly idealTree ├── filename-regex@2.0.0
62 silly idealTree ├── fill-range@2.2.3
62 silly idealTree ├── finalhandler@0.5.0
62 silly idealTree ├── flat-cache@1.2.1
62 silly idealTree ├── for-in@0.1.6
62 silly idealTree ├── for-own@0.1.4
62 silly idealTree ├── foreach@2.0.5
62 silly idealTree ├── forever-agent@0.6.1
62 silly idealTree ├── form-data@2.0.0
62 silly idealTree ├── formatio@1.1.1
62 silly idealTree ├── forwarded@0.1.0
62 silly idealTree ├── fresh@0.3.0
62 silly idealTree ├── fs.realpath@1.0.0
62 silly idealTree ├─┬ fsevents@1.0.14
62 silly idealTree │ ├── abbrev@1.0.9
62 silly idealTree │ ├── ansi-regex@2.0.0
62 silly idealTree │ ├── ansi-styles@2.2.1
62 silly idealTree │ ├── aproba@1.0.4
62 silly idealTree │ ├── are-we-there-yet@1.1.2
62 silly idealTree │ ├── asn1@0.2.3
62 silly idealTree │ ├── assert-plus@0.2.0
62 silly idealTree │ ├── async@1.5.2
62 silly idealTree │ ├── aws-sign2@0.6.0
62 silly idealTree │ ├── aws4@1.4.1
62 silly idealTree │ ├── balanced-match@0.4.2
62 silly idealTree │ ├─┬ bl@1.1.2
62 silly idealTree │ │ └── readable-stream@2.0.6
62 silly idealTree │ ├── block-stream@0.0.9
62 silly idealTree │ ├── boom@2.10.1
62 silly idealTree │ ├── brace-expansion@1.1.5
62 silly idealTree │ ├── buffer-shims@1.0.0
62 silly idealTree │ ├── caseless@0.11.0
62 silly idealTree │ ├── chalk@1.1.3
62 silly idealTree │ ├── code-point-at@1.0.0
62 silly idealTree │ ├── combined-stream@1.0.5
62 silly idealTree │ ├── commander@2.9.0
62 silly idealTree │ ├── concat-map@0.0.1
62 silly idealTree │ ├── console-control-strings@1.1.0
62 silly idealTree │ ├── core-util-is@1.0.2
62 silly idealTree │ ├── cryptiles@2.0.5
62 silly idealTree │ ├─┬ dashdash@1.14.0
62 silly idealTree │ │ └── assert-plus@1.0.0
62 silly idealTree │ ├── debug@2.2.0
62 silly idealTree │ ├── deep-extend@0.4.1
62 silly idealTree │ ├── delayed-stream@1.0.0
62 silly idealTree │ ├── delegates@1.0.0
62 silly idealTree │ ├── ecc-jsbn@0.1.1
62 silly idealTree │ ├── escape-string-regexp@1.0.5
62 silly idealTree │ ├── extend@3.0.0
62 silly idealTree │ ├── extsprintf@1.0.2
62 silly idealTree │ ├── forever-agent@0.6.1
62 silly idealTree │ ├── form-data@1.0.0-rc4
62 silly idealTree │ ├── fs.realpath@1.0.0
62 silly idealTree │ ├── fstream-ignore@1.0.5
62 silly idealTree │ ├── fstream@1.0.10
62 silly idealTree │ ├── gauge@2.6.0
62 silly idealTree │ ├── generate-function@2.0.0
62 silly idealTree │ ├── generate-object-property@1.2.0
62 silly idealTree │ ├─┬ getpass@0.1.6
62 silly idealTree │ │ └── assert-plus@1.0.0
62 silly idealTree │ ├── glob@7.0.5
62 silly idealTree │ ├── graceful-fs@4.1.4
62 silly idealTree │ ├── graceful-readlink@1.0.1
62 silly idealTree │ ├── har-validator@2.0.6
62 silly idealTree │ ├── has-ansi@2.0.0
62 silly idealTree │ ├── has-color@0.1.7
62 silly idealTree │ ├── has-unicode@2.0.1
62 silly idealTree │ ├── hawk@3.1.3
62 silly idealTree │ ├── hoek@2.16.3
62 silly idealTree │ ├── http-signature@1.1.1
62 silly idealTree │ ├── inflight@1.0.5
62 silly idealTree │ ├── inherits@2.0.1
62 silly idealTree │ ├── ini@1.3.4
62 silly idealTree │ ├── is-fullwidth-code-point@1.0.0
62 silly idealTree │ ├── is-my-json-valid@2.13.1
62 silly idealTree │ ├── is-property@1.0.2
62 silly idealTree │ ├── is-typedarray@1.0.0
62 silly idealTree │ ├── isarray@1.0.0
62 silly idealTree │ ├── isstream@0.1.2
62 silly idealTree │ ├── jodid25519@1.0.2
62 silly idealTree │ ├── jsbn@0.1.0
62 silly idealTree │ ├── json-schema@0.2.2
62 silly idealTree │ ├── json-stringify-safe@5.0.1
62 silly idealTree │ ├── jsonpointer@2.0.0
62 silly idealTree │ ├── jsprim@1.3.0
62 silly idealTree │ ├── mime-db@1.23.0
62 silly idealTree │ ├── mime-types@2.1.11
62 silly idealTree │ ├── minimatch@3.0.2
62 silly idealTree │ ├── minimist@0.0.8
62 silly idealTree │ ├── mkdirp@0.5.1
62 silly idealTree │ ├── ms@0.7.1
62 silly idealTree │ ├── node-pre-gyp@0.6.29
62 silly idealTree │ ├── node-uuid@1.4.7
62 silly idealTree │ ├── nopt@3.0.6
62 silly idealTree │ ├── npmlog@3.1.2
62 silly idealTree │ ├── number-is-nan@1.0.0
62 silly idealTree │ ├── oauth-sign@0.8.2
62 silly idealTree │ ├── object-assign@4.1.0
62 silly idealTree │ ├── once@1.3.3
62 silly idealTree │ ├── path-is-absolute@1.0.0
62 silly idealTree │ ├── pinkie-promise@2.0.1
62 silly idealTree │ ├── pinkie@2.0.4
62 silly idealTree │ ├── process-nextick-args@1.0.7
62 silly idealTree │ ├── qs@6.2.0
62 silly idealTree │ ├─┬ rc@1.1.6
62 silly idealTree │ │ └── minimist@1.2.0
62 silly idealTree │ ├── readable-stream@2.1.4
62 silly idealTree │ ├── request@2.73.0
62 silly idealTree │ ├── rimraf@2.5.3
62 silly idealTree │ ├── semver@5.2.0
62 silly idealTree │ ├── set-blocking@2.0.0
62 silly idealTree │ ├── signal-exit@3.0.0
62 silly idealTree │ ├── sntp@1.0.9
62 silly idealTree │ ├─┬ sshpk@1.8.3
62 silly idealTree │ │ └── assert-plus@1.0.0
62 silly idealTree │ ├── string_decoder@0.10.31
62 silly idealTree │ ├── string-width@1.0.1
62 silly idealTree │ ├── stringstream@0.0.5
62 silly idealTree │ ├── strip-ansi@3.0.1
62 silly idealTree │ ├── strip-json-comments@1.0.4
62 silly idealTree │ ├── supports-color@2.0.0
62 silly idealTree │ ├── tar-pack@3.1.4
62 silly idealTree │ ├── tar@2.2.1
62 silly idealTree │ ├── tough-cookie@2.2.2
62 silly idealTree │ ├── tunnel-agent@0.4.3
62 silly idealTree │ ├── tweetnacl@0.13.3
62 silly idealTree │ ├── uid-number@0.0.6
62 silly idealTree │ ├── util-deprecate@1.0.2
62 silly idealTree │ ├── verror@1.3.6
62 silly idealTree │ ├── wide-align@1.1.0
62 silly idealTree │ ├── wrappy@1.0.2
62 silly idealTree │ └── xtend@4.0.1
62 silly idealTree ├── function-bind@1.1.0
62 silly idealTree ├── fuse.js@2.5.0
62 silly idealTree ├── fuzzysearch@1.0.3
62 silly idealTree ├── generate-function@2.0.0
62 silly idealTree ├── generate-object-property@1.2.0
62 silly idealTree ├── get-stdin@4.0.1
62 silly idealTree ├─┬ getpass@0.1.6
62 silly idealTree │ └── assert-plus@1.0.0
62 silly idealTree ├── glob-base@0.3.0
62 silly idealTree ├── glob-parent@2.0.0
62 silly idealTree ├── glob@7.0.6
62 silly idealTree ├── globals@8.18.0
62 silly idealTree ├── globby@5.0.0
62 silly idealTree ├── graceful-fs@4.1.6
62 silly idealTree ├── graceful-readlink@1.0.1
62 silly idealTree ├── growl@1.9.2
62 silly idealTree ├── har-validator@2.0.6
62 silly idealTree ├── has-ansi@2.0.0
62 silly idealTree ├── has-flag@1.0.0
62 silly idealTree ├── has@1.0.1
62 silly idealTree ├── hawk@3.1.3
62 silly idealTree ├── hoek@2.16.3
62 silly idealTree ├── hoist-non-react-statics@1.2.0
62 silly idealTree ├── home-or-tmp@1.0.0
62 silly idealTree ├── html-entities@1.2.0
62 silly idealTree ├─┬ htmlparser2@3.8.3
62 silly idealTree │ ├── entities@1.0.0
62 silly idealTree │ ├── isarray@0.0.1
62 silly idealTree │ └── readable-stream@1.1.14
62 silly idealTree ├── http-browserify@1.7.0
62 silly idealTree ├── http-errors@1.5.0
62 silly idealTree ├── http-signature@1.1.1
62 silly idealTree ├── https-browserify@0.0.0
62 silly idealTree ├── iconv-lite@0.4.13
62 silly idealTree ├── ieee754@1.1.6
62 silly idealTree ├── ignore@3.1.5
62 silly idealTree ├── immutable@3.8.1
62 silly idealTree ├── imurmurhash@0.1.4
62 silly idealTree ├── indexof@0.0.1
62 silly idealTree ├── inflight@1.0.5
62 silly idealTree ├── inherits@2.0.1
62 silly idealTree ├── inline-style-prefix-all@2.0.2
62 silly idealTree ├── inline-style-prefixer@1.0.4
62 silly idealTree ├── inquirer@0.12.0
62 silly idealTree ├── interpret@0.6.6
62 silly idealTree ├── invariant@2.2.1
62 silly idealTree ├── ipaddr.js@1.1.1
62 silly idealTree ├── is-binary-path@1.0.1
62 silly idealTree ├── is-buffer@1.1.4
62 silly idealTree ├── is-callable@1.1.3
62 silly idealTree ├── is-date-object@1.0.1
62 silly idealTree ├── is-dom@1.0.5
62 silly idealTree ├── is-dotfile@1.0.2
62 silly idealTree ├── is-equal-shallow@0.1.3
62 silly idealTree ├── is-extendable@0.1.1
62 silly idealTree ├── is-extglob@1.0.0
62 silly idealTree ├── is-finite@1.0.1
62 silly idealTree ├── is-fullwidth-code-point@1.0.0
62 silly idealTree ├── is-glob@2.0.1
62 silly idealTree ├── is-my-json-valid@2.13.1
62 silly idealTree ├── is-number@2.1.0
62 silly idealTree ├── is-path-cwd@1.0.0
62 silly idealTree ├── is-path-in-cwd@1.0.0
62 silly idealTree ├── is-path-inside@1.0.0
62 silly idealTree ├── is-posix-bracket@0.1.1
62 silly idealTree ├── is-primitive@2.0.0
62 silly idealTree ├── is-property@1.0.2
62 silly idealTree ├── is-regex@1.0.3
62 silly idealTree ├── is-resolvable@1.0.0
62 silly idealTree ├── is-stream@1.1.0
62 silly idealTree ├── is-subset@0.1.1
62 silly idealTree ├── is-symbol@1.0.1
62 silly idealTree ├── is-typedarray@1.0.0
62 silly idealTree ├── isarray@1.0.0
62 silly idealTree ├── isobject@2.1.0
62 silly idealTree ├── isomorphic-fetch@2.2.1
62 silly idealTree ├── isstream@0.1.2
62 silly idealTree ├─┬ jade@0.26.3
62 silly idealTree │ ├── commander@0.6.1
62 silly idealTree │ └── mkdirp@0.3.0
62 silly idealTree ├── jju@1.3.0
62 silly idealTree ├── jodid25519@1.0.2
62 silly idealTree ├── js-tokens@1.0.3
62 silly idealTree ├── js-yaml@3.6.1
62 silly idealTree ├── jsbn@0.1.0
62 silly idealTree ├─┬ jsdom@8.5.0
62 silly idealTree │ ├── acorn@2.7.0
62 silly idealTree │ └── webidl-conversions@3.0.1
62 silly idealTree ├── jsesc@0.5.0
62 silly idealTree ├── json-parse-helpfulerror@1.0.3
62 silly idealTree ├── json-schema@0.2.3
62 silly idealTree ├── json-stable-stringify@1.0.1
62 silly idealTree ├── json-stringify-safe@5.0.1
62 silly idealTree ├── json5@0.4.0
62 silly idealTree ├── jsonify@0.0.0
62 silly idealTree ├── jsonpointer@2.0.0
62 silly idealTree ├── jsprim@1.3.1
62 silly idealTree ├── keycode@2.1.6
62 silly idealTree ├── kind-of@3.0.4
62 silly idealTree ├── konva@1.2.1
62 silly idealTree ├── lazy-cache@1.0.4
62 silly idealTree ├── levn@0.3.0
62 silly idealTree ├─┬ loader-utils@0.2.16
62 silly idealTree │ └── json5@0.5.0
62 silly idealTree ├── lodash-es@4.15.0
62 silly idealTree ├── lodash._baseassign@3.2.0
62 silly idealTree ├── lodash._basecopy@3.0.1
62 silly idealTree ├── lodash._bindcallback@3.0.1
62 silly idealTree ├── lodash._createassigner@3.1.1
62 silly idealTree ├── lodash._getnative@3.9.1
62 silly idealTree ├── lodash._isiterateecall@3.0.9
62 silly idealTree ├── lodash.assign@3.2.0
62 silly idealTree ├── lodash.isarguments@3.1.0
62 silly idealTree ├── lodash.isarray@3.0.4
62 silly idealTree ├── lodash.keys@3.1.2
62 silly idealTree ├── lodash.pick@4.4.0
62 silly idealTree ├── lodash.restparam@3.6.1
62 silly idealTree ├── lodash@4.15.0
62 silly idealTree ├── lolex@1.3.2
62 silly idealTree ├── longest@1.0.1
62 silly idealTree ├── loose-envify@1.2.0
62 silly idealTree ├── lru-cache@2.7.3
62 silly idealTree ├── mantra-core@1.7.0
62 silly idealTree ├── media-typer@0.3.0
62 silly idealTree ├── memory-fs@0.3.0
62 silly idealTree ├── merge-descriptors@1.0.1
62 silly idealTree ├── methods@1.1.2
62 silly idealTree ├── micromatch@2.3.11
62 silly idealTree ├── mime-db@1.23.0
62 silly idealTree ├── mime-types@2.1.11
62 silly idealTree ├── mime@1.3.4
62 silly idealTree ├── minimatch@3.0.3
62 silly idealTree ├── minimist@1.2.0
62 silly idealTree ├─┬ mkdirp@0.5.1
62 silly idealTree │ └── minimist@0.0.8
62 silly idealTree ├── mobx@2.5.1
62 silly idealTree ├─┬ mocha@2.5.3
62 silly idealTree │ ├── commander@2.3.0
62 silly idealTree │ ├── escape-string-regexp@1.0.2
62 silly idealTree │ ├── glob@3.2.11
62 silly idealTree │ ├── minimatch@0.3.0
62 silly idealTree │ └── supports-color@1.2.0
62 silly idealTree ├── ms@0.7.1
62 silly idealTree ├── mute-stream@0.0.5
62 silly idealTree ├── nan@2.4.0
62 silly idealTree ├── negotiator@0.6.1
62 silly idealTree ├── node-fetch@1.6.1
62 silly idealTree ├─┬ node-libs-browser@0.6.0
62 silly idealTree │ ├── isarray@0.0.1
62 silly idealTree │ └── readable-stream@1.1.14
62 silly idealTree ├── node-uuid@1.4.7
62 silly idealTree ├── normalize-path@2.0.1
62 silly idealTree ├── nth-check@1.0.1
62 silly idealTree ├── number-is-nan@1.0.0
62 silly idealTree ├── nwmatcher@1.3.8
62 silly idealTree ├── oauth-sign@0.8.2
62 silly idealTree ├── object-assign@4.1.0
62 silly idealTree ├── object-is@1.0.1
62 silly idealTree ├── object-keys@1.0.11
62 silly idealTree ├── object.assign@4.0.4
62 silly idealTree ├── object.entries@1.0.3
62 silly idealTree ├── object.getownpropertydescriptors@2.0.3
62 silly idealTree ├── object.omit@2.0.0
62 silly idealTree ├── object.values@1.0.3
62 silly idealTree ├── on-finished@2.3.0
62 silly idealTree ├── once@1.4.0
62 silly idealTree ├── onetime@1.1.0
62 silly idealTree ├─┬ optimist@0.6.1
62 silly idealTree │ └── minimist@0.0.10
62 silly idealTree ├─┬ optionator@0.8.1
62 silly idealTree │ └── wordwrap@1.0.0
62 silly idealTree ├── os-browserify@0.1.2
62 silly idealTree ├── os-homedir@1.0.1
62 silly idealTree ├── os-tmpdir@1.0.1
62 silly idealTree ├── page-bus@3.0.1
62 silly idealTree ├── pako@0.2.9
62 silly idealTree ├── parse-glob@3.0.4
62 silly idealTree ├── parse5@1.5.1
62 silly idealTree ├── parseurl@1.3.1
62 silly idealTree ├── path-browserify@0.0.0
62 silly idealTree ├── path-exists@1.0.0
62 silly idealTree ├── path-is-absolute@1.0.0
62 silly idealTree ├── path-is-inside@1.0.2
62 silly idealTree ├── path-to-regexp@0.1.7
62 silly idealTree ├── pbkdf2-compat@2.0.1
62 silly idealTree ├── pify@2.3.0
62 silly idealTree ├── pinkie-promise@2.0.1
62 silly idealTree ├── pinkie@2.0.4
62 silly idealTree ├── pluralize@1.2.1
62 silly idealTree ├── prelude-ls@1.1.2
62 silly idealTree ├── preserve@0.2.0
62 silly idealTree ├── private@0.1.6
62 silly idealTree ├── process-nextick-args@1.0.7
62 silly idealTree ├── process@0.11.9
62 silly idealTree ├── progress@1.1.8
62 silly idealTree ├── promise@7.1.1
62 silly idealTree ├── proxy-addr@1.1.2
62 silly idealTree ├── prr@0.0.0
62 silly idealTree ├── punycode@1.4.1
62 silly idealTree ├── qs@6.2.1
62 silly idealTree ├── querystring-es3@0.2.1
62 silly idealTree ├── querystring@0.2.0
62 silly idealTree ├── radium@0.18.1
62 silly idealTree ├── random-color@1.0.1
62 silly idealTree ├── randomatic@1.1.5
62 silly idealTree ├── range-parser@1.2.0
62 silly idealTree ├── react-addons-test-utils@15.3.1
62 silly idealTree ├── react-bootstrap@0.30.3
62 silly idealTree ├── react-dom@15.3.1
62 silly idealTree ├── react-fuzzy@0.2.3
62 silly idealTree ├── react-inspector@1.1.0
62 silly idealTree ├── react-komposer@1.13.1
62 silly idealTree ├── react-konva@1.0.5
62 silly idealTree ├── react-modal@1.4.0
62 silly idealTree ├── react-mounter@1.2.0
62 silly idealTree ├── react-overlays@0.6.6
62 silly idealTree ├── react-prop-types@0.4.0
62 silly idealTree ├── react-simple-di@1.2.0
62 silly idealTree ├── react@15.3.1
62 silly idealTree ├── readable-stream@2.1.5
62 silly idealTree ├── readdirp@2.1.0
62 silly idealTree ├── readline2@1.0.1
62 silly idealTree ├─┬ recompose@0.20.2
62 silly idealTree │ └── symbol-observable@0.2.4
62 silly idealTree ├── redbox-react@1.3.0
62 silly idealTree ├── redux@3.6.0
62 silly idealTree ├── regenerate@1.3.1
62 silly idealTree ├── regenerator-runtime@0.9.5
62 silly idealTree ├── regex-cache@0.4.3
62 silly idealTree ├── regexpu-core@2.0.0
62 silly idealTree ├── regjsgen@0.2.0
62 silly idealTree ├── regjsparser@0.1.5
62 silly idealTree ├── repeat-element@1.1.2
62 silly idealTree ├── repeat-string@1.5.4
62 silly idealTree ├── repeating@1.1.3
62 silly idealTree ├── request@2.75.0
62 silly idealTree ├── require-uncached@1.0.2
62 silly idealTree ├── resolve-from@1.0.1
62 silly idealTree ├── restore-cursor@1.0.1
62 silly idealTree ├── right-align@0.1.3
62 silly idealTree ├── rimraf@2.5.4
62 silly idealTree ├── ripemd160@0.2.0
62 silly idealTree ├── run-async@0.1.0
62 silly idealTree ├── rx-lite@3.1.2
62 silly idealTree ├── samsam@1.1.2
62 silly idealTree ├── sax@1.2.1
62 silly idealTree ├── seedrandom@2.4.2
62 silly idealTree ├── send@0.14.1
62 silly idealTree ├── serve-static@1.11.1
62 silly idealTree ├── set-immediate-shim@1.0.1
62 silly idealTree ├── setprototypeof@1.0.1
62 silly idealTree ├── sha.js@2.2.6
62 silly idealTree ├── shallowequal@0.2.2
62 silly idealTree ├── shebang-regex@1.0.0
62 silly idealTree ├── shelljs@0.6.1
62 silly idealTree ├── sigmund@1.0.1
62 silly idealTree ├── sinon@1.17.5
62 silly idealTree ├── slash@1.0.0
62 silly idealTree ├── slice-ansi@0.0.4
62 silly idealTree ├── sntp@1.0.9
62 silly idealTree ├── source-list-map@0.1.6
62 silly idealTree ├─┬ source-map-support@0.2.10
62 silly idealTree │ └── source-map@0.1.32
62 silly idealTree ├── source-map@0.5.6
62 silly idealTree ├── sprintf-js@1.0.3
62 silly idealTree ├─┬ sshpk@1.10.0
62 silly idealTree │ └── assert-plus@1.0.0
62 silly idealTree ├── stack-source-map@1.0.5
62 silly idealTree ├── stackframe@0.3.1
62 silly idealTree ├── statuses@1.3.0
62 silly idealTree ├─┬ stream-browserify@1.0.0
62 silly idealTree │ ├── isarray@0.0.1
62 silly idealTree │ └── readable-stream@1.1.14
62 silly idealTree ├── string_decoder@0.10.31
62 silly idealTree ├── string-width@1.0.2
62 silly idealTree ├── string.prototype.padend@3.0.0
62 silly idealTree ├── string.prototype.padstart@3.0.0
62 silly idealTree ├── stringstream@0.0.5
62 silly idealTree ├── strip-ansi@3.0.1
62 silly idealTree ├── strip-json-comments@1.0.4
62 silly idealTree ├── supports-color@2.0.0
62 silly idealTree ├── symbol-observable@1.0.2
62 silly idealTree ├── symbol-tree@3.1.4
62 silly idealTree ├── table@3.8.0
62 silly idealTree ├── tapable@0.1.10
62 silly idealTree ├── text-table@0.2.0
62 silly idealTree ├── through@2.3.8
62 silly idealTree ├── timers-browserify@1.4.2
62 silly idealTree ├── to-fast-properties@1.0.2
62 silly idealTree ├── to-iso-string@0.0.2
62 silly idealTree ├── tough-cookie@2.3.1
62 silly idealTree ├── tr46@0.0.3
62 silly idealTree ├── tryit@1.0.2
62 silly idealTree ├── tty-browserify@0.0.0
62 silly idealTree ├── tunnel-agent@0.4.3
62 silly idealTree ├── tweetnacl@0.13.3
62 silly idealTree ├── type-check@0.3.2
62 silly idealTree ├── type-detect@1.0.0
62 silly idealTree ├── type-is@1.6.13
62 silly idealTree ├── typedarray@0.0.6
62 silly idealTree ├── ua-parser-js@0.7.10
62 silly idealTree ├─┬ uglify-js@2.6.4
62 silly idealTree │ └── async@0.2.10
62 silly idealTree ├── uglify-to-browserify@1.0.2
62 silly idealTree ├── uncontrollable@4.0.3
62 silly idealTree ├── unpipe@1.0.0
62 silly idealTree ├─┬ url@0.10.3
62 silly idealTree │ └── punycode@1.3.2
62 silly idealTree ├── user-home@1.1.1
62 silly idealTree ├── util-deprecate@1.0.2
62 silly idealTree ├── util@0.10.3
62 silly idealTree ├── utils-merge@1.0.0
62 silly idealTree ├── uuid@2.0.2
62 silly idealTree ├── vary@1.1.0
62 silly idealTree ├── verror@1.3.6
62 silly idealTree ├── vm-browserify@0.0.4
62 silly idealTree ├── warning@3.0.0
62 silly idealTree ├─┬ watchpack@0.2.9
62 silly idealTree │ └── async@0.9.2
62 silly idealTree ├── webidl-conversions@2.0.1
62 silly idealTree ├─┬ webpack-core@0.6.8
62 silly idealTree │ └── source-map@0.4.4
62 silly idealTree ├── webpack-dev-middleware@1.8.1
62 silly idealTree ├── webpack-hot-middleware@2.12.2
62 silly idealTree ├─┬ webpack@1.13.2
62 silly idealTree │ └── supports-color@3.1.2
62 silly idealTree ├── whatwg-fetch@1.0.0
62 silly idealTree ├── whatwg-url-compat@0.6.5
62 silly idealTree ├─┬ whatwg-url@2.0.1
62 silly idealTree │ └── webidl-conversions@3.0.1
62 silly idealTree ├── window-size@0.1.0
62 silly idealTree ├── wordwrap@0.0.3
62 silly idealTree ├── wrappy@1.0.2
62 silly idealTree ├── write@0.2.1
62 silly idealTree ├── xml-name-validator@2.0.1
62 silly idealTree ├── xtend@4.0.1
62 silly idealTree └── yargs@3.10.0
63 silly generateActionsToTake Starting
64 silly install generateActionsToTake
65 silly generateActionsToTake Finishing
66 silly diffTrees action count 1
67 silly diffTrees add canvas@1.5.0
68 silly decomposeActions action count 8
69 silly decomposeActions fetch canvas@1.5.0
70 silly decomposeActions extract canvas@1.5.0
71 silly decomposeActions test canvas@1.5.0
72 silly decomposeActions preinstall canvas@1.5.0
73 silly decomposeActions build canvas@1.5.0
74 silly decomposeActions install canvas@1.5.0
75 silly decomposeActions postinstall canvas@1.5.0
76 silly decomposeActions finalize canvas@1.5.0
77 silly executeActions Starting
78 silly install executeActions
79 silly doSerial global-install 0
80 silly doParallel fetch 1
81 verbose correctMkdir /Users/macrozone/.npm/_locks correctMkdir not in flight; initializing
82 verbose lock using /Users/macrozone/.npm/_locks/staging-a5b1c3a94d6c595a.lock for /Users/macrozone/git/zhaw/ba/experiments/kmeans/app/node_modules/.staging
83 silly doParallel extract 1
84 silly extract canvas@1.5.0
85 verbose unbuild node_modules/.staging/canvas-c2619f19
86 silly gentlyRm /Users/macrozone/git/zhaw/ba/experiments/kmeans/app/node_modules/.staging/canvas-c2619f19 is being purged from base /Users/macrozone/git/zhaw/ba/experiments/kmeans/app
87 verbose gentlyRm don't care about contents; nuking /Users/macrozone/git/zhaw/ba/experiments/kmeans/app/node_modules/.staging/canvas-c2619f19
88 verbose tar unpack /Users/macrozone/.npm/canvas/1.5.0/package.tgz
89 verbose tar unpacking to /Users/macrozone/git/zhaw/ba/experiments/kmeans/app/node_modules/.staging/canvas-c2619f19
90 silly gentlyRm /Users/macrozone/git/zhaw/ba/experiments/kmeans/app/node_modules/.staging/canvas-c2619f19 is being purged
91 verbose gentlyRm don't care about contents; nuking /Users/macrozone/git/zhaw/ba/experiments/kmeans/app/node_modules/.staging/canvas-c2619f19
92 silly gunzTarPerm modes [ '755', '644' ]
93 silly gunzTarPerm extractEntry package.json
94 silly gunzTarPerm extractEntry .npmignore
95 silly gunzTarPerm extractEntry index.js
96 silly gunzTarPerm extractEntry History.md
97 silly gunzTarPerm extractEntry Readme.md
98 silly gunzTarPerm extractEntry binding.gyp
99 silly gunzTarPerm extractEntry .github/ISSUE_TEMPLATE.md
100 silly gunzTarPerm extractEntry lib/bindings.js
101 silly gunzTarPerm extractEntry lib/canvas.js
102 silly gunzTarPerm extractEntry lib/context2d.js
103 silly gunzTarPerm extractEntry lib/image.js
104 silly gunzTarPerm extractEntry lib/jpegstream.js
105 silly gunzTarPerm extractEntry lib/pdfstream.js
106 silly gunzTarPerm extractEntry lib/pngstream.js
107 silly gunzTarPerm extractEntry .travis.yml
108 silly gunzTarPerm extractEntry src/Image.cc
109 silly gunzTarPerm extractEntry src/Canvas.cc
110 silly gunzTarPerm extractEntry src/CanvasGradient.cc
111 silly gunzTarPerm extractEntry src/CanvasGradient.h
112 silly gunzTarPerm extractEntry src/CanvasPattern.cc
113 silly gunzTarPerm extractEntry src/CanvasPattern.h
114 silly gunzTarPerm extractEntry src/CanvasRenderingContext2d.cc
115 silly gunzTarPerm extractEntry src/CanvasRenderingContext2d.h
116 silly gunzTarPerm extractEntry src/FontFace.cc
117 silly gunzTarPerm extractEntry src/FontFace.h
118 silly gunzTarPerm extractEntry src/Canvas.h
119 silly gunzTarPerm extractEntry src/Image.h
120 silly gunzTarPerm extractEntry src/ImageData.cc
121 silly gunzTarPerm extractEntry src/ImageData.h
122 silly gunzTarPerm extractEntry src/JPEGStream.h
123 silly gunzTarPerm extractEntry src/PNG.h
124 silly gunzTarPerm extractEntry src/Point.h
125 silly gunzTarPerm extractEntry src/closure.h
126 silly gunzTarPerm extractEntry src/color.cc
127 silly gunzTarPerm extractEntry src/color.h
128 silly gunzTarPerm extractEntry src/init.cc
129 silly gunzTarPerm extractEntry util/has_lib.sh
130 silly gentlyRm /Users/macrozone/git/zhaw/ba/experiments/kmeans/app/node_modules/.staging/canvas-c2619f19/node_modules is being purged
131 verbose gentlyRm don't care about contents; nuking /Users/macrozone/git/zhaw/ba/experiments/kmeans/app/node_modules/.staging/canvas-c2619f19/node_modules
132 silly doParallel preinstall 1
133 silly preinstall canvas@1.5.0 /Users/macrozone/git/zhaw/ba/experiments/kmeans/app/node_modules/.staging/canvas-c2619f19
134 info lifecycle canvas@1.5.0~preinstall: canvas@1.5.0
135 silly lifecycle canvas@1.5.0~preinstall: no script for preinstall, continuing
136 silly doReverseSerial remove 0
137 silly doSerial move 0
138 silly doSerial finalize 1
139 silly finalize /Users/macrozone/git/zhaw/ba/experiments/kmeans/app/node_modules/canvas
140 silly doSerial build 1
141 silly build canvas@1.5.0
142 info linkStuff canvas@1.5.0
143 silly linkStuff canvas@1.5.0 has /Users/macrozone/git/zhaw/ba/experiments/kmeans/app/node_modules as its parent node_modules
144 verbose linkBins canvas@1.5.0
145 verbose linkMans canvas@1.5.0
146 silly doSerial global-link 0
147 silly doParallel update-linked 0
148 silly doSerial install 1
149 silly install canvas@1.5.0 /Users/macrozone/git/zhaw/ba/experiments/kmeans/app/node_modules/.staging/canvas-c2619f19
150 info lifecycle canvas@1.5.0~install: canvas@1.5.0
151 verbose lifecycle canvas@1.5.0~install: unsafe-perm in lifecycle true
152 verbose lifecycle canvas@1.5.0~install: PATH: /Users/macrozone/.meteor/packages/meteor-tool/.1.4.1_1.1g544hg++os.osx.x86_64+web.browser+web.cordova/mt-os.osx.x86_64/dev_bundle/lib/node_modules/npm/bin/node-gyp-bin:/Users/macrozone/git/zhaw/ba/experiments/kmeans/app/node_modules/canvas/node_modules/.bin:/Users/macrozone/git/zhaw/ba/experiments/kmeans/app/node_modules/.bin:/Users/macrozone/.meteor/packages/meteor-tool/.1.4.1_1.1g544hg++os.osx.x86_64+web.browser+web.cordova/mt-os.osx.x86_64/dev_bundle/bin:/Users/macrozone/.meteor/packages/meteor-tool/.1.4.1_1.1g544hg++os.osx.x86_64+web.browser+web.cordova/mt-os.osx.x86_64/dev_bundle/lib/node_modules/.bin:/usr/local/heroku/bin:/Users/macrozone/.rbenv/shims:/Users/macrozone/.rbenv/bin:/usr/local/bin:/usr/local/sbin:/usr/local/share/npm/bin:/opt/local/bin:/opt/local/sbin:/usr/local/bin:/usr/bin:/bin:/usr/sbin:/sbin:/opt/X11/bin:/usr/local/MacGPG2/bin:/usr/texbin:/usr/local/git/bin:/Applications/apache-ant-1.8.4/bin:/Users/macrozone/Documents/dev/js/shell/archiv:/Users/macrozone/Google Drive/zzz_scripts:/Applications/Android Studio.app/sdk/tools:/Applications/Android Studio.app/sdk/platform-tools:/Users/macrozone/bin:/Library/Frameworks/Mono.framework/Commands
153 verbose lifecycle canvas@1.5.0~install: CWD: /Users/macrozone/git/zhaw/ba/experiments/kmeans/app/node_modules/canvas
154 silly lifecycle canvas@1.5.0~install: Args: [ '-c', 'node-gyp rebuild' ]
155 silly lifecycle canvas@1.5.0~install: Returned: code: 1  signal: null
156 info lifecycle canvas@1.5.0~install: Failed to exec install script
157 verbose unlock done using /Users/macrozone/.npm/_locks/staging-a5b1c3a94d6c595a.lock for /Users/macrozone/git/zhaw/ba/experiments/kmeans/app/node_modules/.staging
158 silly rollbackFailedOptional Starting
159 silly rollbackFailedOptional Finishing
160 silly runTopLevelLifecycles Starting
161 silly runTopLevelLifecycles Finishing
162 silly install printInstalled
163 verbose stack Error: canvas@1.5.0 install: `node-gyp rebuild`
163 verbose stack Exit status 1
163 verbose stack     at EventEmitter.<anonymous> (/Users/macrozone/.meteor/packages/meteor-tool/.1.4.1_1.1g544hg++os.osx.x86_64+web.browser+web.cordova/mt-os.osx.x86_64/dev_bundle/lib/node_modules/npm/lib/utils/lifecycle.js:255:16)
163 verbose stack     at emitTwo (events.js:87:13)
163 verbose stack     at EventEmitter.emit (events.js:172:7)
163 verbose stack     at ChildProcess.<anonymous> (/Users/macrozone/.meteor/packages/meteor-tool/.1.4.1_1.1g544hg++os.osx.x86_64+web.browser+web.cordova/mt-os.osx.x86_64/dev_bundle/lib/node_modules/npm/lib/utils/spawn.js:40:14)
163 verbose stack     at emitTwo (events.js:87:13)
163 verbose stack     at ChildProcess.emit (events.js:172:7)
163 verbose stack     at maybeClose (internal/child_process.js:829:16)
163 verbose stack     at Process.ChildProcess._handle.onexit (internal/child_process.js:211:5)
164 verbose pkgid canvas@1.5.0
165 verbose cwd /Users/macrozone/git/zhaw/ba/experiments/kmeans/app
166 error Darwin 15.6.0
167 error argv "/Users/macrozone/.meteor/packages/meteor-tool/.1.4.1_1.1g544hg++os.osx.x86_64+web.browser+web.cordova/mt-os.osx.x86_64/dev_bundle/bin/node" "/Users/macrozone/.meteor/packages/meteor-tool/.1.4.1_1.1g544hg++os.osx.x86_64+web.browser+web.cordova/mt-os.osx.x86_64/dev_bundle/bin/npm" "install" "--save" "canvas"
168 error node v4.5.0
169 error npm  v3.10.6
170 error code ELIFECYCLE
171 error canvas@1.5.0 install: `node-gyp rebuild`
171 error Exit status 1
172 error Failed at the canvas@1.5.0 install script 'node-gyp rebuild'.
172 error Make sure you have the latest version of node.js and npm installed.
172 error If you do, this is most likely a problem with the canvas package,
172 error not with npm itself.
172 error Tell the author that this fails on your system:
172 error     node-gyp rebuild
172 error You can get information on how to open an issue for this project with:
172 error     npm bugs canvas
172 error Or if that isn't available, you can get their info via:
172 error     npm owner ls canvas
172 error There is likely additional logging output above.
173 verbose exit [ 1, true ]
